Cache sync 1 at Tue Apr 28 18:13:42 UTC 2026
Cache sync 2 at Tue Apr 28 18:13:42 UTC 2026
Cache sync 3 at Tue Apr 28 18:13:42 UTC 2026
Cache sync 4 at Tue Apr 28 18:13:42 UTC 2026
Cache sync 5 at Tue Apr 28 18:13:42 UTC 2026
Cache sync 6 at Tue Apr 28 18:13:42 UTC 2026
Cache sync 7 at Tue Apr 28 18:13:42 UTC 2026
Cache sync 8 at Tue Apr 28 18:13:42 UTC 2026
Cache sync 9 at Tue Apr 28 18:13:42 UTC 2026
Cache sync 10 at Tue Apr 28 18:13:42 UTC 2026
Cache sync 11 at Tue Apr 28 18:13:42 UTC 2026
Cache sync 12 at Tue Apr 28 18:13:42 UTC 2026
Cache sync 13 at Tue Apr 28 18:13:42 UTC 2026
Cache sync 14 at Tue Apr 28 18:13:42 UTC 2026
Cache sync 15 at Tue Apr 28 18:13:42 UTC 2026
Cache sync 16 at Tue Apr 28 18:13:42 UTC 2026
Cache sync 17 at Tue Apr 28 18:13:42 UTC 2026
Cache sync 18 at Tue Apr 28 18:13:42 UTC 2026
Cache sync 19 at Tue Apr 28 18:13:42 UTC 2026
Cache sync 20 at Tue Apr 28 18:13:42 UTC 2026
Cache sync 21 at Tue Apr 28 18:13:42 UTC 2026
Cache sync 22 at Tue Apr 28 18:13:42 UTC 2026
Cache sync 23 at Tue Apr 28 18:13:42 UTC 2026
Cache sync 24 at Tue Apr 28 18:13:42 UTC 2026
Cache sync 25 at Tue Apr 28 18:13:42 UTC 2026
Cache sync 26 at Tue Apr 28 18:13:42 UTC 2026
Cache sync 27 at Tue Apr 28 18:13:42 UTC 2026
Cache sync 28 at Tue Apr 28 18:13:42 UTC 2026
Cache sync 29 at Tue Apr 28 18:13:42 UTC 2026
Cache sync 30 at Tue Apr 28 18:13:42 UTC 2026
Cache sync 1 at Wed Apr 29 18:08:15 UTC 2026
Cache sync 2 at Wed Apr 29 18:08:15 UTC 2026
Cache sync 3 at Wed Apr 29 18:08:15 UTC 2026
Cache sync 4 at Wed Apr 29 18:08:15 UTC 2026
Cache sync 5 at Wed Apr 29 18:08:15 UTC 2026
Cache sync 6 at Wed Apr 29 18:08:15 UTC 2026
Cache sync 7 at Wed Apr 29 18:08:15 UTC 2026
Cache sync 8 at Wed Apr 29 18:08:15 UTC 2026
Cache sync 9 at Wed Apr 29 18:08:15 UTC 2026
Cache sync 10 at Wed Apr 29 18:08:15 UTC 2026
Cache sync 11 at Wed Apr 29 18:08:15 UTC 2026
Cache sync 12 at Wed Apr 29 18:08:15 UTC 2026
Cache sync 13 at Wed Apr 29 18:08:15 UTC 2026
Cache sync 14 at Wed Apr 29 18:08:15 UTC 2026
Cache sync 15 at Wed Apr 29 18:08:15 UTC 2026
Cache sync 16 at Wed Apr 29 18:08:15 UTC 2026
Cache sync 17 at Wed Apr 29 18:08:15 UTC 2026
Cache sync 18 at Wed Apr 29 18:08:15 UTC 2026
Cache sync 1 at Thu Apr 30 18:05:56 UTC 2026
Cache sync 2 at Thu Apr 30 18:05:56 UTC 2026
Cache sync 3 at Thu Apr 30 18:05:56 UTC 2026
Cache sync 4 at Thu Apr 30 18:05:56 UTC 2026
Cache sync 5 at Thu Apr 30 18:05:56 UTC 2026
Cache sync 6 at Thu Apr 30 18:05:56 UTC 2026
Cache sync 7 at Thu Apr 30 18:05:56 UTC 2026
Cache sync 8 at Thu Apr 30 18:05:56 UTC 2026
Cache sync 9 at Thu Apr 30 18:05:56 UTC 2026
Cache sync 10 at Thu Apr 30 18:05:56 UTC 2026
Cache sync 11 at Thu Apr 30 18:05:56 UTC 2026
Cache sync 12 at Thu Apr 30 18:05:56 UTC 2026
Cache sync 13 at Thu Apr 30 18:05:56 UTC 2026
Cache sync 14 at Thu Apr 30 18:05:56 UTC 2026
Cache sync 15 at Thu Apr 30 18:05:56 UTC 2026
Cache sync 16 at Thu Apr 30 18:05:56 UTC 2026
Cache sync 17 at Thu Apr 30 18:05:56 UTC 2026
Cache sync 18 at Thu Apr 30 18:05:56 UTC 2026
Cache sync 19 at Thu Apr 30 18:05:56 UTC 2026
Cache sync 20 at Thu Apr 30 18:05:56 UTC 2026
Cache sync 21 at Thu Apr 30 18:05:56 UTC 2026
Cache sync 22 at Thu Apr 30 18:05:56 UTC 2026
Cache sync 23 at Thu Apr 30 18:05:56 UTC 2026
Cache sync 24 at Thu Apr 30 18:05:56 UTC 2026
Cache sync 25 at Thu Apr 30 18:05:56 UTC 2026
Cache sync 26 at Thu Apr 30 18:05:56 UTC 2026
Cache sync 27 at Thu Apr 30 18:05:56 UTC 2026
Cache sync 28 at Thu Apr 30 18:05:56 UTC 2026
Cache sync 29 at Thu Apr 30 18:05:56 UTC 2026
Cache sync 30 at Thu Apr 30 18:05:56 UTC 2026
Cache sync 31 at Thu Apr 30 18:05:56 UTC 2026
Cache sync 32 at Thu Apr 30 18:05:56 UTC 2026
Cache sync 33 at Thu Apr 30 18:05:56 UTC 2026
Cache sync 34 at Thu Apr 30 18:05:56 UTC 2026
Cache sync 35 at Thu Apr 30 18:05:56 UTC 2026
Cache sync 36 at Thu Apr 30 18:05:56 UTC 2026
Cache sync 37 at Thu Apr 30 18:05:56 UTC 2026
Cache sync 38 at Thu Apr 30 18:05:56 UTC 2026
Cache sync 39 at Thu Apr 30 18:05:56 UTC 2026
Cache sync 40 at Thu Apr 30 18:05:56 UTC 2026
Cache sync 41 at Thu Apr 30 18:05:56 UTC 2026
Cache sync 42 at Thu Apr 30 18:05:56 UTC 2026
Cache sync 43 at Thu Apr 30 18:05:56 UTC 2026
Cache sync 44 at Thu Apr 30 18:05:56 UTC 2026
Cache sync 45 at Thu Apr 30 18:05:56 UTC 2026
Cache sync 46 at Thu Apr 30 18:05:56 UTC 2026
Cache sync 47 at Thu Apr 30 18:05:56 UTC 2026
Cache sync 48 at Thu Apr 30 18:05:56 UTC 2026
Cache sync 49 at Thu Apr 30 18:05:56 UTC 2026
Cache sync 50 at Thu Apr 30 18:05:56 UTC 2026
Cache sync 51 at Thu Apr 30 18:05:56 UTC 2026
Cache sync 52 at Thu Apr 30 18:05:56 UTC 2026
Cache sync 53 at Thu Apr 30 18:05:56 UTC 2026
Cache sync 54 at Thu Apr 30 18:05:56 UTC 2026
Cache sync 55 at Thu Apr 30 18:05:56 UTC 2026
Cache sync 56 at Thu Apr 30 18:05:56 UTC 2026
Cache sync 57 at Thu Apr 30 18:05:56 UTC 2026
Cache sync 58 at Thu Apr 30 18:05:56 UTC 2026
Cache sync 59 at Thu Apr 30 18:05:56 UTC 2026
Cache sync 60 at Thu Apr 30 18:05:56 UTC 2026
Cache sync 61 at Thu Apr 30 18:05:56 UTC 2026
Cache sync 62 at Thu Apr 30 18:05:56 UTC 2026
Cache sync 63 at Thu Apr 30 18:05:56 UTC 2026
Cache sync 64 at Thu Apr 30 18:05:56 UTC 2026
Cache sync 65 at Thu Apr 30 18:05:56 UTC 2026
Cache sync 66 at Thu Apr 30 18:05:56 UTC 2026
Cache sync 67 at Thu Apr 30 18:05:56 UTC 2026
Cache sync 68 at Thu Apr 30 18:05:56 UTC 2026
Cache sync 69 at Thu Apr 30 18:05:56 UTC 2026
Cache sync 70 at Thu Apr 30 18:05:56 UTC 2026
Cache sync 71 at Thu Apr 30 18:05:56 UTC 2026
Cache sync 72 at Thu Apr 30 18:05:56 UTC 2026
Cache sync 73 at Thu Apr 30 18:05:56 UTC 2026
Cache sync 1 at Fri May  1 17:52:42 UTC 2026
Cache sync 2 at Fri May  1 17:52:42 UTC 2026
Cache sync 3 at Fri May  1 17:52:42 UTC 2026
Cache sync 4 at Fri May  1 17:52:42 UTC 2026
Cache sync 5 at Fri May  1 17:52:42 UTC 2026
Cache sync 6 at Fri May  1 17:52:42 UTC 2026
Cache sync 7 at Fri May  1 17:52:42 UTC 2026
Cache sync 8 at Fri May  1 17:52:42 UTC 2026
Cache sync 9 at Fri May  1 17:52:42 UTC 2026
Cache sync 10 at Fri May  1 17:52:42 UTC 2026
Cache sync 11 at Fri May  1 17:52:42 UTC 2026
Cache sync 12 at Fri May  1 17:52:42 UTC 2026
Cache sync 13 at Fri May  1 17:52:42 UTC 2026
Cache sync 14 at Fri May  1 17:52:42 UTC 2026
Cache sync 15 at Fri May  1 17:52:42 UTC 2026
Cache sync 16 at Fri May  1 17:52:42 UTC 2026
Cache sync 17 at Fri May  1 17:52:42 UTC 2026
Cache sync 18 at Fri May  1 17:52:42 UTC 2026
Cache sync 19 at Fri May  1 17:52:42 UTC 2026
Cache sync 20 at Fri May  1 17:52:42 UTC 2026
Cache sync 21 at Fri May  1 17:52:42 UTC 2026
Cache sync 22 at Fri May  1 17:52:42 UTC 2026
Cache sync 23 at Fri May  1 17:52:42 UTC 2026
Cache sync 24 at Fri May  1 17:52:42 UTC 2026
Cache sync 25 at Fri May  1 17:52:42 UTC 2026
Cache sync 26 at Fri May  1 17:52:42 UTC 2026
Cache sync 27 at Fri May  1 17:52:42 UTC 2026
Cache sync 28 at Fri May  1 17:52:42 UTC 2026
Cache sync 29 at Fri May  1 17:52:42 UTC 2026
Cache sync 30 at Fri May  1 17:52:42 UTC 2026
Cache sync 31 at Fri May  1 17:52:42 UTC 2026
Cache sync 32 at Fri May  1 17:52:42 UTC 2026
Cache sync 33 at Fri May  1 17:52:42 UTC 2026
Cache sync 34 at Fri May  1 17:52:42 UTC 2026
Cache sync 35 at Fri May  1 17:52:42 UTC 2026
Cache sync 36 at Fri May  1 17:52:42 UTC 2026
Cache sync 37 at Fri May  1 17:52:42 UTC 2026
Cache sync 38 at Fri May  1 17:52:42 UTC 2026
Cache sync 39 at Fri May  1 17:52:42 UTC 2026
Cache sync 40 at Fri May  1 17:52:42 UTC 2026
Cache sync 41 at Fri May  1 17:52:42 UTC 2026
Cache sync 42 at Fri May  1 17:52:42 UTC 2026
Cache sync 43 at Fri May  1 17:52:42 UTC 2026
Cache sync 44 at Fri May  1 17:52:42 UTC 2026
Cache sync 45 at Fri May  1 17:52:42 UTC 2026
Cache sync 46 at Fri May  1 17:52:42 UTC 2026
Cache sync 47 at Fri May  1 17:52:42 UTC 2026
Cache sync 48 at Fri May  1 17:52:42 UTC 2026
Cache sync 49 at Fri May  1 17:52:42 UTC 2026
Cache sync 50 at Fri May  1 17:52:42 UTC 2026
Cache sync 51 at Fri May  1 17:52:42 UTC 2026
Cache sync 52 at Fri May  1 17:52:42 UTC 2026
Cache sync 53 at Fri May  1 17:52:42 UTC 2026
Cache sync 1 at Sat May  2 17:38:13 UTC 2026
Cache sync 2 at Sat May  2 17:38:13 UTC 2026
Cache sync 3 at Sat May  2 17:38:13 UTC 2026
Cache sync 4 at Sat May  2 17:38:13 UTC 2026
Cache sync 5 at Sat May  2 17:38:13 UTC 2026
Cache sync 6 at Sat May  2 17:38:13 UTC 2026
Cache sync 7 at Sat May  2 17:38:13 UTC 2026
Cache sync 8 at Sat May  2 17:38:13 UTC 2026
Cache sync 9 at Sat May  2 17:38:13 UTC 2026
Cache sync 10 at Sat May  2 17:38:13 UTC 2026
Cache sync 11 at Sat May  2 17:38:13 UTC 2026
Cache sync 12 at Sat May  2 17:38:13 UTC 2026
Cache sync 13 at Sat May  2 17:38:13 UTC 2026
Cache sync 14 at Sat May  2 17:38:13 UTC 2026
Cache sync 1 at Sun May  3 17:40:29 UTC 2026
Cache sync 2 at Sun May  3 17:40:29 UTC 2026
Cache sync 3 at Sun May  3 17:40:29 UTC 2026
Cache sync 4 at Sun May  3 17:40:29 UTC 2026
Cache sync 5 at Sun May  3 17:40:29 UTC 2026
Cache sync 6 at Sun May  3 17:40:29 UTC 2026
Cache sync 7 at Sun May  3 17:40:29 UTC 2026
Cache sync 8 at Sun May  3 17:40:29 UTC 2026
Cache sync 9 at Sun May  3 17:40:29 UTC 2026
Cache sync 10 at Sun May  3 17:40:29 UTC 2026
Cache sync 11 at Sun May  3 17:40:29 UTC 2026
Cache sync 12 at Sun May  3 17:40:29 UTC 2026
Cache sync 13 at Sun May  3 17:40:29 UTC 2026
Cache sync 1 at Mon May  4 18:10:42 UTC 2026
Cache sync 2 at Mon May  4 18:10:42 UTC 2026
Cache sync 3 at Mon May  4 18:10:42 UTC 2026
Cache sync 4 at Mon May  4 18:10:42 UTC 2026
Cache sync 5 at Mon May  4 18:10:42 UTC 2026
Cache sync 6 at Mon May  4 18:10:42 UTC 2026
Cache sync 7 at Mon May  4 18:10:42 UTC 2026
Cache sync 8 at Mon May  4 18:10:42 UTC 2026
Cache sync 9 at Mon May  4 18:10:42 UTC 2026
Cache sync 10 at Mon May  4 18:10:42 UTC 2026
Cache sync 11 at Mon May  4 18:10:42 UTC 2026
Cache sync 12 at Mon May  4 18:10:42 UTC 2026
Cache sync 13 at Mon May  4 18:10:42 UTC 2026
Cache sync 14 at Mon May  4 18:10:42 UTC 2026
Cache sync 15 at Mon May  4 18:10:42 UTC 2026
Cache sync 16 at Mon May  4 18:10:42 UTC 2026
Cache sync 17 at Mon May  4 18:10:42 UTC 2026
Cache sync 18 at Mon May  4 18:10:42 UTC 2026
Cache sync 19 at Mon May  4 18:10:42 UTC 2026
Cache sync 20 at Mon May  4 18:10:42 UTC 2026
Cache sync 21 at Mon May  4 18:10:42 UTC 2026
Cache sync 22 at Mon May  4 18:10:42 UTC 2026
Cache sync 23 at Mon May  4 18:10:42 UTC 2026
Cache sync 24 at Mon May  4 18:10:42 UTC 2026
Cache sync 25 at Mon May  4 18:10:42 UTC 2026
Cache sync 26 at Mon May  4 18:10:42 UTC 2026
Cache sync 27 at Mon May  4 18:10:42 UTC 2026
Cache sync 28 at Mon May  4 18:10:42 UTC 2026
Cache sync 29 at Mon May  4 18:10:42 UTC 2026
Cache sync 30 at Mon May  4 18:10:42 UTC 2026
Cache sync 31 at Mon May  4 18:10:42 UTC 2026
Cache sync 32 at Mon May  4 18:10:43 UTC 2026
Cache sync 33 at Mon May  4 18:10:43 UTC 2026
Cache sync 34 at Mon May  4 18:10:43 UTC 2026
Cache sync 35 at Mon May  4 18:10:43 UTC 2026
Cache sync 36 at Mon May  4 18:10:43 UTC 2026
Cache sync 37 at Mon May  4 18:10:43 UTC 2026
Cache sync 38 at Mon May  4 18:10:43 UTC 2026
Cache sync 39 at Mon May  4 18:10:43 UTC 2026
Cache sync 40 at Mon May  4 18:10:43 UTC 2026
Cache sync 41 at Mon May  4 18:10:43 UTC 2026
Cache sync 42 at Mon May  4 18:10:43 UTC 2026
Cache sync 43 at Mon May  4 18:10:43 UTC 2026
Cache sync 44 at Mon May  4 18:10:43 UTC 2026
Cache sync 45 at Mon May  4 18:10:43 UTC 2026
Cache sync 46 at Mon May  4 18:10:43 UTC 2026
Cache sync 47 at Mon May  4 18:10:43 UTC 2026
Cache sync 48 at Mon May  4 18:10:43 UTC 2026
Cache sync 49 at Mon May  4 18:10:43 UTC 2026
Cache sync 50 at Mon May  4 18:10:43 UTC 2026
Cache sync 51 at Mon May  4 18:10:43 UTC 2026
Cache sync 52 at Mon May  4 18:10:43 UTC 2026
Cache sync 53 at Mon May  4 18:10:43 UTC 2026
Cache sync 54 at Mon May  4 18:10:43 UTC 2026
Cache sync 55 at Mon May  4 18:10:43 UTC 2026
Cache sync 56 at Mon May  4 18:10:43 UTC 2026
Cache sync 57 at Mon May  4 18:10:43 UTC 2026
Cache sync 58 at Mon May  4 18:10:43 UTC 2026
Cache sync 59 at Mon May  4 18:10:43 UTC 2026
Cache sync 60 at Mon May  4 18:10:43 UTC 2026
Cache sync 61 at Mon May  4 18:10:43 UTC 2026
Cache sync 62 at Mon May  4 18:10:43 UTC 2026
Cache sync 63 at Mon May  4 18:10:43 UTC 2026
Cache sync 64 at Mon May  4 18:10:43 UTC 2026
Cache sync 65 at Mon May  4 18:10:43 UTC 2026
Cache sync 66 at Mon May  4 18:10:43 UTC 2026
Cache sync 67 at Mon May  4 18:10:43 UTC 2026
Cache sync 68 at Mon May  4 18:10:43 UTC 2026
Cache sync 69 at Mon May  4 18:10:43 UTC 2026
Cache sync 70 at Mon May  4 18:10:43 UTC 2026
Cache sync 71 at Mon May  4 18:10:43 UTC 2026
Cache sync 72 at Mon May  4 18:10:43 UTC 2026
Cache sync 1 at Tue May  5 18:06:16 UTC 2026
Cache sync 2 at Tue May  5 18:06:16 UTC 2026
Cache sync 3 at Tue May  5 18:06:16 UTC 2026
Cache sync 4 at Tue May  5 18:06:16 UTC 2026
Cache sync 5 at Tue May  5 18:06:16 UTC 2026
Cache sync 6 at Tue May  5 18:06:16 UTC 2026
Cache sync 7 at Tue May  5 18:06:16 UTC 2026
Cache sync 8 at Tue May  5 18:06:16 UTC 2026
Cache sync 9 at Tue May  5 18:06:16 UTC 2026
Cache sync 10 at Tue May  5 18:06:16 UTC 2026
Cache sync 11 at Tue May  5 18:06:16 UTC 2026
Cache sync 12 at Tue May  5 18:06:16 UTC 2026
Cache sync 13 at Tue May  5 18:06:16 UTC 2026
Cache sync 14 at Tue May  5 18:06:16 UTC 2026
Cache sync 15 at Tue May  5 18:06:16 UTC 2026
Cache sync 16 at Tue May  5 18:06:16 UTC 2026
Cache sync 17 at Tue May  5 18:06:16 UTC 2026
Cache sync 18 at Tue May  5 18:06:16 UTC 2026
Cache sync 19 at Tue May  5 18:06:16 UTC 2026
Cache sync 20 at Tue May  5 18:06:16 UTC 2026
Cache sync 21 at Tue May  5 18:06:16 UTC 2026
Cache sync 22 at Tue May  5 18:06:16 UTC 2026
Cache sync 23 at Tue May  5 18:06:16 UTC 2026
Cache sync 24 at Tue May  5 18:06:16 UTC 2026
Cache sync 25 at Tue May  5 18:06:16 UTC 2026
Cache sync 26 at Tue May  5 18:06:16 UTC 2026
Cache sync 27 at Tue May  5 18:06:16 UTC 2026
Cache sync 28 at Tue May  5 18:06:16 UTC 2026
Cache sync 29 at Tue May  5 18:06:16 UTC 2026
Cache sync 30 at Tue May  5 18:06:16 UTC 2026
Cache sync 31 at Tue May  5 18:06:16 UTC 2026
Cache sync 32 at Tue May  5 18:06:16 UTC 2026
Cache sync 33 at Tue May  5 18:06:16 UTC 2026
Cache sync 34 at Tue May  5 18:06:16 UTC 2026
Cache sync 35 at Tue May  5 18:06:16 UTC 2026
Cache sync 36 at Tue May  5 18:06:16 UTC 2026
Cache sync 37 at Tue May  5 18:06:16 UTC 2026
Cache sync 38 at Tue May  5 18:06:16 UTC 2026
Cache sync 39 at Tue May  5 18:06:16 UTC 2026
Cache sync 40 at Tue May  5 18:06:16 UTC 2026
Cache sync 41 at Tue May  5 18:06:16 UTC 2026
Cache sync 42 at Tue May  5 18:06:16 UTC 2026
Cache sync 43 at Tue May  5 18:06:16 UTC 2026
Cache sync 44 at Tue May  5 18:06:17 UTC 2026
Cache sync 45 at Tue May  5 18:06:17 UTC 2026
Cache sync 46 at Tue May  5 18:06:17 UTC 2026
Cache sync 47 at Tue May  5 18:06:17 UTC 2026
Cache sync 48 at Tue May  5 18:06:17 UTC 2026
Cache sync 49 at Tue May  5 18:06:17 UTC 2026
Cache sync 50 at Tue May  5 18:06:17 UTC 2026
Cache sync 51 at Tue May  5 18:06:17 UTC 2026
Cache sync 52 at Tue May  5 18:06:17 UTC 2026
Cache sync 53 at Tue May  5 18:06:17 UTC 2026
Cache sync 54 at Tue May  5 18:06:17 UTC 2026
Cache sync 55 at Tue May  5 18:06:17 UTC 2026
Cache sync 56 at Tue May  5 18:06:17 UTC 2026
Cache sync 57 at Tue May  5 18:06:17 UTC 2026
Cache sync 58 at Tue May  5 18:06:17 UTC 2026
Cache sync 59 at Tue May  5 18:06:17 UTC 2026
Cache sync 60 at Tue May  5 18:06:17 UTC 2026
Cache sync 61 at Tue May  5 18:06:17 UTC 2026
Cache sync 62 at Tue May  5 18:06:17 UTC 2026
Cache sync 63 at Tue May  5 18:06:17 UTC 2026
Cache sync 64 at Tue May  5 18:06:17 UTC 2026
Cache sync 65 at Tue May  5 18:06:17 UTC 2026
Cache sync 66 at Tue May  5 18:06:17 UTC 2026
Cache sync 67 at Tue May  5 18:06:17 UTC 2026
Cache sync 68 at Tue May  5 18:06:17 UTC 2026
Cache sync 69 at Tue May  5 18:06:17 UTC 2026
Cache sync 70 at Tue May  5 18:06:17 UTC 2026
Cache sync 71 at Tue May  5 18:06:17 UTC 2026
Cache sync 72 at Tue May  5 18:06:17 UTC 2026
Cache sync 73 at Tue May  5 18:06:17 UTC 2026
Cache sync 74 at Tue May  5 18:06:17 UTC 2026
Cache sync 75 at Tue May  5 18:06:17 UTC 2026
Cache sync 76 at Tue May  5 18:06:17 UTC 2026
Cache sync 1 at Wed May  6 18:11:10 UTC 2026
Cache sync 2 at Wed May  6 18:11:10 UTC 2026
Cache sync 3 at Wed May  6 18:11:10 UTC 2026
Cache sync 4 at Wed May  6 18:11:10 UTC 2026
Cache sync 5 at Wed May  6 18:11:10 UTC 2026
Cache sync 6 at Wed May  6 18:11:10 UTC 2026
Cache sync 7 at Wed May  6 18:11:10 UTC 2026
Cache sync 8 at Wed May  6 18:11:10 UTC 2026
Cache sync 9 at Wed May  6 18:11:10 UTC 2026
Cache sync 10 at Wed May  6 18:11:10 UTC 2026
Cache sync 11 at Wed May  6 18:11:10 UTC 2026
Cache sync 12 at Wed May  6 18:11:10 UTC 2026
Cache sync 13 at Wed May  6 18:11:10 UTC 2026
Cache sync 14 at Wed May  6 18:11:10 UTC 2026
Cache sync 15 at Wed May  6 18:11:10 UTC 2026
Cache sync 16 at Wed May  6 18:11:10 UTC 2026
Cache sync 17 at Wed May  6 18:11:10 UTC 2026
Cache sync 18 at Wed May  6 18:11:10 UTC 2026
Cache sync 19 at Wed May  6 18:11:10 UTC 2026
Cache sync 20 at Wed May  6 18:11:10 UTC 2026
Cache sync 21 at Wed May  6 18:11:10 UTC 2026
Cache sync 22 at Wed May  6 18:11:10 UTC 2026
Cache sync 23 at Wed May  6 18:11:10 UTC 2026
Cache sync 24 at Wed May  6 18:11:10 UTC 2026
Cache sync 25 at Wed May  6 18:11:10 UTC 2026
Cache sync 26 at Wed May  6 18:11:10 UTC 2026
Cache sync 27 at Wed May  6 18:11:10 UTC 2026
Cache sync 28 at Wed May  6 18:11:10 UTC 2026
Cache sync 29 at Wed May  6 18:11:10 UTC 2026
Cache sync 30 at Wed May  6 18:11:10 UTC 2026
Cache sync 31 at Wed May  6 18:11:10 UTC 2026
Cache sync 32 at Wed May  6 18:11:10 UTC 2026
Cache sync 33 at Wed May  6 18:11:10 UTC 2026
Cache sync 34 at Wed May  6 18:11:10 UTC 2026
Cache sync 35 at Wed May  6 18:11:10 UTC 2026
Cache sync 36 at Wed May  6 18:11:10 UTC 2026
Cache sync 37 at Wed May  6 18:11:10 UTC 2026
Cache sync 38 at Wed May  6 18:11:10 UTC 2026
Cache sync 39 at Wed May  6 18:11:10 UTC 2026
Cache sync 40 at Wed May  6 18:11:10 UTC 2026
Cache sync 41 at Wed May  6 18:11:10 UTC 2026
Cache sync 42 at Wed May  6 18:11:10 UTC 2026
Cache sync 43 at Wed May  6 18:11:10 UTC 2026
Cache sync 44 at Wed May  6 18:11:10 UTC 2026
Cache sync 45 at Wed May  6 18:11:10 UTC 2026
Cache sync 46 at Wed May  6 18:11:10 UTC 2026
Cache sync 47 at Wed May  6 18:11:10 UTC 2026
Cache sync 48 at Wed May  6 18:11:10 UTC 2026
Cache sync 49 at Wed May  6 18:11:10 UTC 2026
Cache sync 50 at Wed May  6 18:11:10 UTC 2026
Cache sync 51 at Wed May  6 18:11:10 UTC 2026
Cache sync 52 at Wed May  6 18:11:10 UTC 2026
Cache sync 53 at Wed May  6 18:11:10 UTC 2026
Cache sync 54 at Wed May  6 18:11:10 UTC 2026
Cache sync 55 at Wed May  6 18:11:10 UTC 2026
Cache sync 56 at Wed May  6 18:11:10 UTC 2026
Cache sync 57 at Wed May  6 18:11:10 UTC 2026
Cache sync 58 at Wed May  6 18:11:10 UTC 2026
Cache sync 59 at Wed May  6 18:11:10 UTC 2026
Cache sync 60 at Wed May  6 18:11:10 UTC 2026
Cache sync 61 at Wed May  6 18:11:10 UTC 2026
Cache sync 62 at Wed May  6 18:11:10 UTC 2026
Cache sync 63 at Wed May  6 18:11:10 UTC 2026
Cache sync 64 at Wed May  6 18:11:10 UTC 2026
Cache sync 65 at Wed May  6 18:11:10 UTC 2026
Cache sync 66 at Wed May  6 18:11:10 UTC 2026
Cache sync 67 at Wed May  6 18:11:10 UTC 2026
Cache sync 68 at Wed May  6 18:11:10 UTC 2026
Cache sync 69 at Wed May  6 18:11:10 UTC 2026
Cache sync 70 at Wed May  6 18:11:10 UTC 2026
Cache sync 71 at Wed May  6 18:11:10 UTC 2026
Cache sync 72 at Wed May  6 18:11:10 UTC 2026
Cache sync 73 at Wed May  6 18:11:10 UTC 2026
Cache sync 74 at Wed May  6 18:11:10 UTC 2026
Cache sync 75 at Wed May  6 18:11:10 UTC 2026
Cache sync 76 at Wed May  6 18:11:10 UTC 2026
Cache sync 77 at Wed May  6 18:11:10 UTC 2026
Cache sync 78 at Wed May  6 18:11:10 UTC 2026
Cache sync 79 at Wed May  6 18:11:10 UTC 2026
Cache sync 80 at Wed May  6 18:11:10 UTC 2026
Cache sync 81 at Wed May  6 18:11:10 UTC 2026
Cache sync 82 at Wed May  6 18:11:11 UTC 2026
Cache sync 1 at Thu May  7 18:18:15 UTC 2026
Cache sync 2 at Thu May  7 18:18:15 UTC 2026
Cache sync 3 at Thu May  7 18:18:15 UTC 2026
Cache sync 4 at Thu May  7 18:18:15 UTC 2026
Cache sync 5 at Thu May  7 18:18:15 UTC 2026
Cache sync 6 at Thu May  7 18:18:15 UTC 2026
Cache sync 7 at Thu May  7 18:18:15 UTC 2026
Cache sync 8 at Thu May  7 18:18:15 UTC 2026
Cache sync 9 at Thu May  7 18:18:15 UTC 2026
Cache sync 10 at Thu May  7 18:18:15 UTC 2026
Cache sync 11 at Thu May  7 18:18:15 UTC 2026
Cache sync 12 at Thu May  7 18:18:15 UTC 2026
Cache sync 13 at Thu May  7 18:18:15 UTC 2026
Cache sync 14 at Thu May  7 18:18:15 UTC 2026
Cache sync 15 at Thu May  7 18:18:15 UTC 2026
Cache sync 16 at Thu May  7 18:18:15 UTC 2026
Cache sync 17 at Thu May  7 18:18:15 UTC 2026
Cache sync 18 at Thu May  7 18:18:15 UTC 2026
Cache sync 19 at Thu May  7 18:18:15 UTC 2026
Cache sync 20 at Thu May  7 18:18:15 UTC 2026
Cache sync 21 at Thu May  7 18:18:15 UTC 2026
Cache sync 22 at Thu May  7 18:18:15 UTC 2026
Cache sync 23 at Thu May  7 18:18:15 UTC 2026
Cache sync 24 at Thu May  7 18:18:15 UTC 2026
Cache sync 25 at Thu May  7 18:18:15 UTC 2026
Cache sync 26 at Thu May  7 18:18:15 UTC 2026
Cache sync 27 at Thu May  7 18:18:15 UTC 2026
Cache sync 28 at Thu May  7 18:18:15 UTC 2026
Cache sync 29 at Thu May  7 18:18:15 UTC 2026
Cache sync 30 at Thu May  7 18:18:15 UTC 2026
Cache sync 31 at Thu May  7 18:18:15 UTC 2026
Cache sync 32 at Thu May  7 18:18:15 UTC 2026
Cache sync 33 at Thu May  7 18:18:15 UTC 2026
Cache sync 34 at Thu May  7 18:18:15 UTC 2026
Cache sync 35 at Thu May  7 18:18:15 UTC 2026
Cache sync 36 at Thu May  7 18:18:15 UTC 2026
Cache sync 37 at Thu May  7 18:18:15 UTC 2026
Cache sync 38 at Thu May  7 18:18:15 UTC 2026
Cache sync 39 at Thu May  7 18:18:15 UTC 2026
Cache sync 40 at Thu May  7 18:18:15 UTC 2026
Cache sync 41 at Thu May  7 18:18:15 UTC 2026
Cache sync 42 at Thu May  7 18:18:15 UTC 2026
Cache sync 43 at Thu May  7 18:18:15 UTC 2026
Cache sync 44 at Thu May  7 18:18:15 UTC 2026
Cache sync 45 at Thu May  7 18:18:15 UTC 2026
Cache sync 46 at Thu May  7 18:18:15 UTC 2026
Cache sync 47 at Thu May  7 18:18:15 UTC 2026
Cache sync 48 at Thu May  7 18:18:16 UTC 2026
Cache sync 49 at Thu May  7 18:18:16 UTC 2026
Cache sync 50 at Thu May  7 18:18:16 UTC 2026
Cache sync 51 at Thu May  7 18:18:16 UTC 2026
Cache sync 52 at Thu May  7 18:18:16 UTC 2026
Cache sync 53 at Thu May  7 18:18:16 UTC 2026
Cache sync 54 at Thu May  7 18:18:16 UTC 2026
Cache sync 55 at Thu May  7 18:18:16 UTC 2026
Cache sync 56 at Thu May  7 18:18:16 UTC 2026
Cache sync 57 at Thu May  7 18:18:16 UTC 2026
Cache sync 58 at Thu May  7 18:18:16 UTC 2026
Cache sync 59 at Thu May  7 18:18:16 UTC 2026
Cache sync 60 at Thu May  7 18:18:16 UTC 2026
Cache sync 61 at Thu May  7 18:18:16 UTC 2026
Cache sync 62 at Thu May  7 18:18:16 UTC 2026
Cache sync 63 at Thu May  7 18:18:16 UTC 2026
Cache sync 64 at Thu May  7 18:18:16 UTC 2026
Cache sync 65 at Thu May  7 18:18:16 UTC 2026
Cache sync 66 at Thu May  7 18:18:16 UTC 2026
Cache sync 67 at Thu May  7 18:18:16 UTC 2026
Cache sync 68 at Thu May  7 18:18:16 UTC 2026
Cache sync 69 at Thu May  7 18:18:16 UTC 2026
Cache sync 70 at Thu May  7 18:18:16 UTC 2026
Cache sync 71 at Thu May  7 18:18:16 UTC 2026
Cache sync 72 at Thu May  7 18:18:16 UTC 2026
Cache sync 73 at Thu May  7 18:18:16 UTC 2026
Cache sync 74 at Thu May  7 18:18:16 UTC 2026
Cache sync 75 at Thu May  7 18:18:16 UTC 2026
Cache sync 76 at Thu May  7 18:18:16 UTC 2026
Cache sync 77 at Thu May  7 18:18:16 UTC 2026
Cache sync 78 at Thu May  7 18:18:16 UTC 2026
Cache sync 79 at Thu May  7 18:18:16 UTC 2026
Cache sync 80 at Thu May  7 18:18:16 UTC 2026
Cache sync 81 at Thu May  7 18:18:16 UTC 2026
Cache sync 1 at Sat May  9 17:42:33 UTC 2026
Cache sync 2 at Sat May  9 17:42:33 UTC 2026
Cache sync 3 at Sat May  9 17:42:33 UTC 2026
Cache sync 4 at Sat May  9 17:42:33 UTC 2026
Cache sync 5 at Sat May  9 17:42:33 UTC 2026
Cache sync 6 at Sat May  9 17:42:33 UTC 2026
Cache sync 7 at Sat May  9 17:42:33 UTC 2026
Cache sync 8 at Sat May  9 17:42:33 UTC 2026
Cache sync 9 at Sat May  9 17:42:33 UTC 2026
Cache sync 10 at Sat May  9 17:42:33 UTC 2026
Cache sync 11 at Sat May  9 17:42:33 UTC 2026
Cache sync 12 at Sat May  9 17:42:33 UTC 2026
Cache sync 13 at Sat May  9 17:42:33 UTC 2026
Cache sync 14 at Sat May  9 17:42:33 UTC 2026
Cache sync 15 at Sat May  9 17:42:33 UTC 2026
Cache sync 16 at Sat May  9 17:42:33 UTC 2026
Cache sync 17 at Sat May  9 17:42:33 UTC 2026
Cache sync 18 at Sat May  9 17:42:33 UTC 2026
Cache sync 19 at Sat May  9 17:42:33 UTC 2026
Cache sync 20 at Sat May  9 17:42:33 UTC 2026
Cache sync 21 at Sat May  9 17:42:33 UTC 2026
Cache sync 22 at Sat May  9 17:42:33 UTC 2026
Cache sync 23 at Sat May  9 17:42:33 UTC 2026
Cache sync 24 at Sat May  9 17:42:33 UTC 2026
Cache sync 25 at Sat May  9 17:42:33 UTC 2026
Cache sync 26 at Sat May  9 17:42:33 UTC 2026
Cache sync 27 at Sat May  9 17:42:33 UTC 2026
Cache sync 28 at Sat May  9 17:42:33 UTC 2026
Cache sync 29 at Sat May  9 17:42:33 UTC 2026
Cache sync 30 at Sat May  9 17:42:33 UTC 2026
Cache sync 31 at Sat May  9 17:42:33 UTC 2026
Cache sync 32 at Sat May  9 17:42:33 UTC 2026
Cache sync 33 at Sat May  9 17:42:33 UTC 2026
Cache sync 34 at Sat May  9 17:42:33 UTC 2026
Cache sync 35 at Sat May  9 17:42:33 UTC 2026
Cache sync 36 at Sat May  9 17:42:33 UTC 2026
Cache sync 37 at Sat May  9 17:42:33 UTC 2026
Cache sync 38 at Sat May  9 17:42:33 UTC 2026
Cache sync 39 at Sat May  9 17:42:33 UTC 2026
Cache sync 40 at Sat May  9 17:42:33 UTC 2026
Cache sync 41 at Sat May  9 17:42:33 UTC 2026
Cache sync 42 at Sat May  9 17:42:33 UTC 2026
Cache sync 43 at Sat May  9 17:42:33 UTC 2026
Cache sync 44 at Sat May  9 17:42:33 UTC 2026
Cache sync 45 at Sat May  9 17:42:33 UTC 2026
Cache sync 46 at Sat May  9 17:42:34 UTC 2026
Cache sync 47 at Sat May  9 17:42:34 UTC 2026
Cache sync 48 at Sat May  9 17:42:34 UTC 2026
Cache sync 49 at Sat May  9 17:42:34 UTC 2026
Cache sync 50 at Sat May  9 17:42:34 UTC 2026
Cache sync 51 at Sat May  9 17:42:34 UTC 2026
Cache sync 52 at Sat May  9 17:42:34 UTC 2026
Cache sync 53 at Sat May  9 17:42:34 UTC 2026
Cache sync 54 at Sat May  9 17:42:34 UTC 2026
Cache sync 55 at Sat May  9 17:42:34 UTC 2026
Cache sync 56 at Sat May  9 17:42:34 UTC 2026
Cache sync 57 at Sat May  9 17:42:34 UTC 2026
Cache sync 58 at Sat May  9 17:42:34 UTC 2026
Cache sync 59 at Sat May  9 17:42:34 UTC 2026
Cache sync 60 at Sat May  9 17:42:34 UTC 2026
Cache sync 61 at Sat May  9 17:42:34 UTC 2026
Cache sync 62 at Sat May  9 17:42:34 UTC 2026
Cache sync 63 at Sat May  9 17:42:34 UTC 2026
Cache sync 64 at Sat May  9 17:42:34 UTC 2026
Cache sync 65 at Sat May  9 17:42:34 UTC 2026
Cache sync 66 at Sat May  9 17:42:34 UTC 2026
Cache sync 67 at Sat May  9 17:42:34 UTC 2026
Cache sync 68 at Sat May  9 17:42:34 UTC 2026
Cache sync 69 at Sat May  9 17:42:34 UTC 2026
Cache sync 70 at Sat May  9 17:42:34 UTC 2026
Cache sync 71 at Sat May  9 17:42:34 UTC 2026
Cache sync 72 at Sat May  9 17:42:34 UTC 2026
Cache sync 73 at Sat May  9 17:42:34 UTC 2026
Cache sync 74 at Sat May  9 17:42:34 UTC 2026
Cache sync 75 at Sat May  9 17:42:34 UTC 2026
Cache sync 76 at Sat May  9 17:42:34 UTC 2026
Cache sync 1 at Sun May 10 17:43:13 UTC 2026
Cache sync 2 at Sun May 10 17:43:13 UTC 2026
Cache sync 3 at Sun May 10 17:43:13 UTC 2026
Cache sync 4 at Sun May 10 17:43:13 UTC 2026
Cache sync 5 at Sun May 10 17:43:13 UTC 2026
Cache sync 6 at Sun May 10 17:43:13 UTC 2026
Cache sync 7 at Sun May 10 17:43:13 UTC 2026
Cache sync 8 at Sun May 10 17:43:13 UTC 2026
Cache sync 9 at Sun May 10 17:43:13 UTC 2026
Cache sync 10 at Sun May 10 17:43:13 UTC 2026
Cache sync 11 at Sun May 10 17:43:13 UTC 2026
Cache sync 12 at Sun May 10 17:43:13 UTC 2026
Cache sync 13 at Sun May 10 17:43:13 UTC 2026
Cache sync 14 at Sun May 10 17:43:13 UTC 2026
Cache sync 15 at Sun May 10 17:43:13 UTC 2026
Cache sync 16 at Sun May 10 17:43:13 UTC 2026
Cache sync 17 at Sun May 10 17:43:13 UTC 2026
Cache sync 18 at Sun May 10 17:43:13 UTC 2026
Cache sync 19 at Sun May 10 17:43:13 UTC 2026
Cache sync 20 at Sun May 10 17:43:13 UTC 2026
Cache sync 21 at Sun May 10 17:43:13 UTC 2026
Cache sync 22 at Sun May 10 17:43:13 UTC 2026
Cache sync 23 at Sun May 10 17:43:13 UTC 2026
Cache sync 24 at Sun May 10 17:43:13 UTC 2026
Cache sync 25 at Sun May 10 17:43:13 UTC 2026
Cache sync 26 at Sun May 10 17:43:13 UTC 2026
Cache sync 27 at Sun May 10 17:43:13 UTC 2026
Cache sync 28 at Sun May 10 17:43:13 UTC 2026
Cache sync 29 at Sun May 10 17:43:13 UTC 2026
Cache sync 30 at Sun May 10 17:43:14 UTC 2026
Cache sync 31 at Sun May 10 17:43:14 UTC 2026
Cache sync 32 at Sun May 10 17:43:14 UTC 2026
Cache sync 33 at Sun May 10 17:43:14 UTC 2026
Cache sync 34 at Sun May 10 17:43:14 UTC 2026
Cache sync 35 at Sun May 10 17:43:14 UTC 2026
Cache sync 36 at Sun May 10 17:43:14 UTC 2026
Cache sync 37 at Sun May 10 17:43:14 UTC 2026
Cache sync 38 at Sun May 10 17:43:14 UTC 2026
Cache sync 39 at Sun May 10 17:43:14 UTC 2026
Cache sync 40 at Sun May 10 17:43:14 UTC 2026
Cache sync 41 at Sun May 10 17:43:14 UTC 2026
Cache sync 42 at Sun May 10 17:43:14 UTC 2026
Cache sync 43 at Sun May 10 17:43:14 UTC 2026
Cache sync 44 at Sun May 10 17:43:14 UTC 2026
Cache sync 45 at Sun May 10 17:43:14 UTC 2026
Cache sync 46 at Sun May 10 17:43:14 UTC 2026
Cache sync 47 at Sun May 10 17:43:14 UTC 2026
Cache sync 48 at Sun May 10 17:43:14 UTC 2026
Cache sync 49 at Sun May 10 17:43:14 UTC 2026
Cache sync 50 at Sun May 10 17:43:14 UTC 2026
Cache sync 51 at Sun May 10 17:43:14 UTC 2026
Cache sync 52 at Sun May 10 17:43:14 UTC 2026
Cache sync 53 at Sun May 10 17:43:14 UTC 2026
Cache sync 54 at Sun May 10 17:43:14 UTC 2026
Cache sync 55 at Sun May 10 17:43:14 UTC 2026
Cache sync 56 at Sun May 10 17:43:14 UTC 2026
Cache sync 57 at Sun May 10 17:43:14 UTC 2026
Cache sync 58 at Sun May 10 17:43:14 UTC 2026
Cache sync 59 at Sun May 10 17:43:14 UTC 2026
Cache sync 60 at Sun May 10 17:43:14 UTC 2026
Cache sync 61 at Sun May 10 17:43:14 UTC 2026
Cache sync 62 at Sun May 10 17:43:14 UTC 2026
Cache sync 63 at Sun May 10 17:43:14 UTC 2026
Cache sync 64 at Sun May 10 17:43:14 UTC 2026
Cache sync 65 at Sun May 10 17:43:14 UTC 2026
Cache sync 66 at Sun May 10 17:43:14 UTC 2026
Cache sync 67 at Sun May 10 17:43:14 UTC 2026
Cache sync 68 at Sun May 10 17:43:14 UTC 2026
Cache sync 69 at Sun May 10 17:43:14 UTC 2026
Cache sync 1 at Tue May 12 18:52:05 UTC 2026
Cache sync 2 at Tue May 12 18:52:05 UTC 2026
Cache sync 3 at Tue May 12 18:52:05 UTC 2026
Cache sync 4 at Tue May 12 18:52:05 UTC 2026
Cache sync 5 at Tue May 12 18:52:05 UTC 2026
Cache sync 6 at Tue May 12 18:52:05 UTC 2026
Cache sync 7 at Tue May 12 18:52:05 UTC 2026
Cache sync 8 at Tue May 12 18:52:05 UTC 2026
Cache sync 9 at Tue May 12 18:52:05 UTC 2026
Cache sync 10 at Tue May 12 18:52:05 UTC 2026
Cache sync 11 at Tue May 12 18:52:05 UTC 2026
Cache sync 12 at Tue May 12 18:52:05 UTC 2026
Cache sync 13 at Tue May 12 18:52:05 UTC 2026
Cache sync 14 at Tue May 12 18:52:05 UTC 2026
Cache sync 15 at Tue May 12 18:52:05 UTC 2026
Cache sync 16 at Tue May 12 18:52:05 UTC 2026
Cache sync 17 at Tue May 12 18:52:05 UTC 2026
Cache sync 18 at Tue May 12 18:52:05 UTC 2026
Cache sync 19 at Tue May 12 18:52:05 UTC 2026
Cache sync 20 at Tue May 12 18:52:05 UTC 2026
Cache sync 21 at Tue May 12 18:52:05 UTC 2026
Cache sync 22 at Tue May 12 18:52:05 UTC 2026
Cache sync 1 at Wed May 13 18:52:57 UTC 2026
Cache sync 2 at Wed May 13 18:52:57 UTC 2026
Cache sync 3 at Wed May 13 18:52:57 UTC 2026
Cache sync 4 at Wed May 13 18:52:57 UTC 2026
Cache sync 5 at Wed May 13 18:52:57 UTC 2026
Cache sync 6 at Wed May 13 18:52:57 UTC 2026
Cache sync 7 at Wed May 13 18:52:57 UTC 2026
Cache sync 8 at Wed May 13 18:52:57 UTC 2026
Cache sync 9 at Wed May 13 18:52:57 UTC 2026
Cache sync 10 at Wed May 13 18:52:57 UTC 2026
Cache sync 11 at Wed May 13 18:52:57 UTC 2026
Cache sync 12 at Wed May 13 18:52:57 UTC 2026
Cache sync 13 at Wed May 13 18:52:57 UTC 2026
Cache sync 14 at Wed May 13 18:52:57 UTC 2026
Cache sync 15 at Wed May 13 18:52:57 UTC 2026
Cache sync 16 at Wed May 13 18:52:57 UTC 2026
Cache sync 17 at Wed May 13 18:52:57 UTC 2026
Cache sync 18 at Wed May 13 18:52:57 UTC 2026
Cache sync 19 at Wed May 13 18:52:57 UTC 2026
Cache sync 20 at Wed May 13 18:52:57 UTC 2026
Cache sync 21 at Wed May 13 18:52:57 UTC 2026
Cache sync 22 at Wed May 13 18:52:57 UTC 2026
Cache sync 23 at Wed May 13 18:52:57 UTC 2026
Cache sync 24 at Wed May 13 18:52:57 UTC 2026
Cache sync 25 at Wed May 13 18:52:57 UTC 2026
Cache sync 26 at Wed May 13 18:52:57 UTC 2026
Cache sync 27 at Wed May 13 18:52:57 UTC 2026
Cache sync 28 at Wed May 13 18:52:57 UTC 2026
Cache sync 29 at Wed May 13 18:52:57 UTC 2026
Cache sync 30 at Wed May 13 18:52:57 UTC 2026
Cache sync 31 at Wed May 13 18:52:57 UTC 2026
Cache sync 32 at Wed May 13 18:52:57 UTC 2026
Cache sync 33 at Wed May 13 18:52:57 UTC 2026
Cache sync 34 at Wed May 13 18:52:57 UTC 2026
Cache sync 35 at Wed May 13 18:52:57 UTC 2026
Cache sync 36 at Wed May 13 18:52:57 UTC 2026
Cache sync 37 at Wed May 13 18:52:57 UTC 2026
Cache sync 38 at Wed May 13 18:52:57 UTC 2026
Cache sync 39 at Wed May 13 18:52:57 UTC 2026
Cache sync 40 at Wed May 13 18:52:57 UTC 2026
Cache sync 41 at Wed May 13 18:52:57 UTC 2026
Cache sync 42 at Wed May 13 18:52:57 UTC 2026
Cache sync 43 at Wed May 13 18:52:57 UTC 2026
Cache sync 44 at Wed May 13 18:52:57 UTC 2026
Cache sync 45 at Wed May 13 18:52:57 UTC 2026
Cache sync 46 at Wed May 13 18:52:57 UTC 2026
Cache sync 47 at Wed May 13 18:52:57 UTC 2026
Cache sync 48 at Wed May 13 18:52:57 UTC 2026
Cache sync 49 at Wed May 13 18:52:57 UTC 2026
Cache sync 50 at Wed May 13 18:52:57 UTC 2026
Cache sync 51 at Wed May 13 18:52:57 UTC 2026
Cache sync 52 at Wed May 13 18:52:57 UTC 2026
Cache sync 53 at Wed May 13 18:52:57 UTC 2026
Cache sync 54 at Wed May 13 18:52:57 UTC 2026
Cache sync 55 at Wed May 13 18:52:57 UTC 2026
Cache sync 56 at Wed May 13 18:52:57 UTC 2026
Cache sync 57 at Wed May 13 18:52:57 UTC 2026
Cache sync 58 at Wed May 13 18:52:57 UTC 2026
Cache sync 59 at Wed May 13 18:52:57 UTC 2026
Cache sync 60 at Wed May 13 18:52:57 UTC 2026
Cache sync 61 at Wed May 13 18:52:57 UTC 2026
Cache sync 62 at Wed May 13 18:52:57 UTC 2026
Cache sync 63 at Wed May 13 18:52:57 UTC 2026
Cache sync 64 at Wed May 13 18:52:57 UTC 2026
Cache sync 65 at Wed May 13 18:52:57 UTC 2026
Cache sync 66 at Wed May 13 18:52:57 UTC 2026
Cache sync 67 at Wed May 13 18:52:57 UTC 2026
Cache sync 68 at Wed May 13 18:52:57 UTC 2026
Cache sync 69 at Wed May 13 18:52:58 UTC 2026
Cache sync 70 at Wed May 13 18:52:58 UTC 2026
Cache sync 71 at Wed May 13 18:52:58 UTC 2026
Cache sync 72 at Wed May 13 18:52:58 UTC 2026
Cache sync 73 at Wed May 13 18:52:58 UTC 2026
Cache sync 74 at Wed May 13 18:52:58 UTC 2026
Cache sync 75 at Wed May 13 18:52:58 UTC 2026
Cache sync 76 at Wed May 13 18:52:58 UTC 2026
Cache sync 77 at Wed May 13 18:52:58 UTC 2026
Cache sync 78 at Wed May 13 18:52:58 UTC 2026
Cache sync 79 at Wed May 13 18:52:58 UTC 2026
Cache sync 1 at Fri May 15 18:17:15 UTC 2026
Cache sync 2 at Fri May 15 18:17:15 UTC 2026
Cache sync 3 at Fri May 15 18:17:15 UTC 2026
Cache sync 4 at Fri May 15 18:17:15 UTC 2026
Cache sync 5 at Fri May 15 18:17:15 UTC 2026
Cache sync 6 at Fri May 15 18:17:15 UTC 2026
Cache sync 7 at Fri May 15 18:17:15 UTC 2026
Cache sync 8 at Fri May 15 18:17:15 UTC 2026
Cache sync 9 at Fri May 15 18:17:15 UTC 2026
Cache sync 10 at Fri May 15 18:17:15 UTC 2026
Cache sync 11 at Fri May 15 18:17:15 UTC 2026
Cache sync 12 at Fri May 15 18:17:15 UTC 2026
Cache sync 13 at Fri May 15 18:17:15 UTC 2026
Cache sync 14 at Fri May 15 18:17:15 UTC 2026
Cache sync 15 at Fri May 15 18:17:15 UTC 2026
Cache sync 16 at Fri May 15 18:17:15 UTC 2026
Cache sync 17 at Fri May 15 18:17:15 UTC 2026
Cache sync 18 at Fri May 15 18:17:15 UTC 2026
Cache sync 19 at Fri May 15 18:17:15 UTC 2026
Cache sync 20 at Fri May 15 18:17:15 UTC 2026
Cache sync 21 at Fri May 15 18:17:15 UTC 2026
Cache sync 22 at Fri May 15 18:17:15 UTC 2026
Cache sync 23 at Fri May 15 18:17:15 UTC 2026
Cache sync 24 at Fri May 15 18:17:15 UTC 2026
Cache sync 25 at Fri May 15 18:17:15 UTC 2026
Cache sync 26 at Fri May 15 18:17:15 UTC 2026
Cache sync 27 at Fri May 15 18:17:15 UTC 2026
Cache sync 28 at Fri May 15 18:17:15 UTC 2026
Cache sync 29 at Fri May 15 18:17:15 UTC 2026
Cache sync 30 at Fri May 15 18:17:15 UTC 2026
Cache sync 31 at Fri May 15 18:17:15 UTC 2026
Cache sync 32 at Fri May 15 18:17:15 UTC 2026
Cache sync 33 at Fri May 15 18:17:15 UTC 2026
Cache sync 34 at Fri May 15 18:17:16 UTC 2026
Cache sync 35 at Fri May 15 18:17:16 UTC 2026
Cache sync 36 at Fri May 15 18:17:16 UTC 2026
Cache sync 37 at Fri May 15 18:17:16 UTC 2026
Cache sync 38 at Fri May 15 18:17:16 UTC 2026
Cache sync 39 at Fri May 15 18:17:16 UTC 2026
Cache sync 40 at Fri May 15 18:17:16 UTC 2026
Cache sync 41 at Fri May 15 18:17:16 UTC 2026
Cache sync 42 at Fri May 15 18:17:16 UTC 2026
Cache sync 43 at Fri May 15 18:17:16 UTC 2026
Cache sync 44 at Fri May 15 18:17:16 UTC 2026
Cache sync 45 at Fri May 15 18:17:16 UTC 2026
Cache sync 46 at Fri May 15 18:17:16 UTC 2026
Cache sync 47 at Fri May 15 18:17:16 UTC 2026
Cache sync 48 at Fri May 15 18:17:16 UTC 2026
Cache sync 49 at Fri May 15 18:17:16 UTC 2026
Cache sync 50 at Fri May 15 18:17:16 UTC 2026
Cache sync 51 at Fri May 15 18:17:16 UTC 2026
Cache sync 52 at Fri May 15 18:17:16 UTC 2026
Cache sync 53 at Fri May 15 18:17:16 UTC 2026
Cache sync 54 at Fri May 15 18:17:16 UTC 2026
Cache sync 55 at Fri May 15 18:17:16 UTC 2026
Cache sync 56 at Fri May 15 18:17:16 UTC 2026
Cache sync 57 at Fri May 15 18:17:16 UTC 2026
Cache sync 58 at Fri May 15 18:17:16 UTC 2026
Cache sync 59 at Fri May 15 18:17:16 UTC 2026
Cache sync 60 at Fri May 15 18:17:16 UTC 2026
Cache sync 61 at Fri May 15 18:17:16 UTC 2026
Cache sync 62 at Fri May 15 18:17:16 UTC 2026
Cache sync 63 at Fri May 15 18:17:16 UTC 2026
Cache sync 64 at Fri May 15 18:17:16 UTC 2026
Cache sync 65 at Fri May 15 18:17:16 UTC 2026
Cache sync 1 at Sat May 16 17:50:09 UTC 2026
Cache sync 2 at Sat May 16 17:50:09 UTC 2026
Cache sync 3 at Sat May 16 17:50:09 UTC 2026
Cache sync 4 at Sat May 16 17:50:09 UTC 2026
Cache sync 5 at Sat May 16 17:50:09 UTC 2026
Cache sync 6 at Sat May 16 17:50:09 UTC 2026
Cache sync 7 at Sat May 16 17:50:09 UTC 2026
Cache sync 8 at Sat May 16 17:50:09 UTC 2026
Cache sync 9 at Sat May 16 17:50:09 UTC 2026
Cache sync 10 at Sat May 16 17:50:09 UTC 2026
Cache sync 11 at Sat May 16 17:50:09 UTC 2026
Cache sync 12 at Sat May 16 17:50:09 UTC 2026
Cache sync 13 at Sat May 16 17:50:09 UTC 2026
Cache sync 14 at Sat May 16 17:50:09 UTC 2026
Cache sync 15 at Sat May 16 17:50:09 UTC 2026
Cache sync 16 at Sat May 16 17:50:09 UTC 2026
Cache sync 17 at Sat May 16 17:50:09 UTC 2026
Cache sync 18 at Sat May 16 17:50:09 UTC 2026
Cache sync 19 at Sat May 16 17:50:09 UTC 2026
Cache sync 20 at Sat May 16 17:50:09 UTC 2026
Cache sync 21 at Sat May 16 17:50:09 UTC 2026
Cache sync 22 at Sat May 16 17:50:09 UTC 2026
Cache sync 23 at Sat May 16 17:50:09 UTC 2026
Cache sync 24 at Sat May 16 17:50:09 UTC 2026
Cache sync 25 at Sat May 16 17:50:09 UTC 2026
Cache sync 26 at Sat May 16 17:50:09 UTC 2026
Cache sync 27 at Sat May 16 17:50:09 UTC 2026
Cache sync 28 at Sat May 16 17:50:09 UTC 2026
Cache sync 29 at Sat May 16 17:50:09 UTC 2026
Cache sync 30 at Sat May 16 17:50:09 UTC 2026
Cache sync 31 at Sat May 16 17:50:09 UTC 2026
Cache sync 32 at Sat May 16 17:50:09 UTC 2026
Cache sync 33 at Sat May 16 17:50:09 UTC 2026
Cache sync 34 at Sat May 16 17:50:09 UTC 2026
Cache sync 35 at Sat May 16 17:50:09 UTC 2026
Cache sync 36 at Sat May 16 17:50:09 UTC 2026
Cache sync 37 at Sat May 16 17:50:09 UTC 2026
Cache sync 38 at Sat May 16 17:50:09 UTC 2026
Cache sync 39 at Sat May 16 17:50:09 UTC 2026
Cache sync 40 at Sat May 16 17:50:09 UTC 2026
Cache sync 41 at Sat May 16 17:50:09 UTC 2026
Cache sync 42 at Sat May 16 17:50:09 UTC 2026
Cache sync 43 at Sat May 16 17:50:09 UTC 2026
Cache sync 44 at Sat May 16 17:50:09 UTC 2026
Cache sync 45 at Sat May 16 17:50:09 UTC 2026
Cache sync 1 at Sun May 17 17:52:06 UTC 2026
Cache sync 2 at Sun May 17 17:52:06 UTC 2026
Cache sync 3 at Sun May 17 17:52:06 UTC 2026
Cache sync 4 at Sun May 17 17:52:06 UTC 2026
Cache sync 5 at Sun May 17 17:52:06 UTC 2026
Cache sync 6 at Sun May 17 17:52:06 UTC 2026
Cache sync 7 at Sun May 17 17:52:06 UTC 2026
Cache sync 8 at Sun May 17 17:52:06 UTC 2026
Cache sync 9 at Sun May 17 17:52:06 UTC 2026
Cache sync 10 at Sun May 17 17:52:06 UTC 2026
Cache sync 11 at Sun May 17 17:52:06 UTC 2026
Cache sync 12 at Sun May 17 17:52:06 UTC 2026
Cache sync 13 at Sun May 17 17:52:06 UTC 2026
Cache sync 14 at Sun May 17 17:52:06 UTC 2026
Cache sync 15 at Sun May 17 17:52:06 UTC 2026
Cache sync 16 at Sun May 17 17:52:06 UTC 2026
Cache sync 17 at Sun May 17 17:52:06 UTC 2026
Cache sync 18 at Sun May 17 17:52:06 UTC 2026
Cache sync 19 at Sun May 17 17:52:06 UTC 2026
Cache sync 20 at Sun May 17 17:52:06 UTC 2026
Cache sync 21 at Sun May 17 17:52:06 UTC 2026
Cache sync 22 at Sun May 17 17:52:06 UTC 2026
Cache sync 23 at Sun May 17 17:52:06 UTC 2026
Cache sync 24 at Sun May 17 17:52:06 UTC 2026
Cache sync 25 at Sun May 17 17:52:06 UTC 2026
Cache sync 26 at Sun May 17 17:52:06 UTC 2026
Cache sync 27 at Sun May 17 17:52:06 UTC 2026
Cache sync 28 at Sun May 17 17:52:06 UTC 2026
Cache sync 29 at Sun May 17 17:52:06 UTC 2026
Cache sync 30 at Sun May 17 17:52:06 UTC 2026
Cache sync 31 at Sun May 17 17:52:06 UTC 2026
Cache sync 32 at Sun May 17 17:52:06 UTC 2026
Cache sync 33 at Sun May 17 17:52:06 UTC 2026
Cache sync 34 at Sun May 17 17:52:06 UTC 2026
Cache sync 35 at Sun May 17 17:52:06 UTC 2026
Cache sync 36 at Sun May 17 17:52:06 UTC 2026
Cache sync 37 at Sun May 17 17:52:06 UTC 2026
Cache sync 38 at Sun May 17 17:52:06 UTC 2026
Cache sync 39 at Sun May 17 17:52:06 UTC 2026
Cache sync 40 at Sun May 17 17:52:06 UTC 2026
Cache sync 41 at Sun May 17 17:52:06 UTC 2026
Cache sync 42 at Sun May 17 17:52:06 UTC 2026
Cache sync 43 at Sun May 17 17:52:06 UTC 2026
Cache sync 44 at Sun May 17 17:52:06 UTC 2026
Cache sync 45 at Sun May 17 17:52:06 UTC 2026
Cache sync 46 at Sun May 17 17:52:06 UTC 2026
Cache sync 47 at Sun May 17 17:52:06 UTC 2026
Cache sync 48 at Sun May 17 17:52:06 UTC 2026
Cache sync 49 at Sun May 17 17:52:06 UTC 2026
Cache sync 50 at Sun May 17 17:52:06 UTC 2026
Cache sync 51 at Sun May 17 17:52:06 UTC 2026
Cache sync 52 at Sun May 17 17:52:06 UTC 2026
Cache sync 53 at Sun May 17 17:52:06 UTC 2026
Cache sync 54 at Sun May 17 17:52:06 UTC 2026
Cache sync 55 at Sun May 17 17:52:06 UTC 2026
Cache sync 56 at Sun May 17 17:52:06 UTC 2026
Cache sync 57 at Sun May 17 17:52:06 UTC 2026
Cache sync 58 at Sun May 17 17:52:06 UTC 2026
Cache sync 59 at Sun May 17 17:52:06 UTC 2026
Cache sync 60 at Sun May 17 17:52:06 UTC 2026
Cache sync 61 at Sun May 17 17:52:06 UTC 2026
Cache sync 62 at Sun May 17 17:52:06 UTC 2026
Cache sync 63 at Sun May 17 17:52:06 UTC 2026
Cache sync 64 at Sun May 17 17:52:06 UTC 2026
Cache sync 65 at Sun May 17 17:52:06 UTC 2026
Cache sync 66 at Sun May 17 17:52:06 UTC 2026
Cache sync 67 at Sun May 17 17:52:06 UTC 2026
Cache sync 68 at Sun May 17 17:52:06 UTC 2026
Cache sync 69 at Sun May 17 17:52:06 UTC 2026
Cache sync 70 at Sun May 17 17:52:06 UTC 2026
Cache sync 71 at Sun May 17 17:52:06 UTC 2026
Cache sync 72 at Sun May 17 17:52:06 UTC 2026
Cache sync 73 at Sun May 17 17:52:06 UTC 2026
Cache sync 74 at Sun May 17 17:52:06 UTC 2026
Cache sync 75 at Sun May 17 17:52:06 UTC 2026
Cache sync 76 at Sun May 17 17:52:06 UTC 2026
Cache sync 77 at Sun May 17 17:52:06 UTC 2026
Cache sync 78 at Sun May 17 17:52:06 UTC 2026
Cache sync 79 at Sun May 17 17:52:06 UTC 2026
Cache sync 80 at Sun May 17 17:52:06 UTC 2026
Cache sync 81 at Sun May 17 17:52:06 UTC 2026
Cache sync 82 at Sun May 17 17:52:06 UTC 2026
Cache sync 83 at Sun May 17 17:52:07 UTC 2026
Cache sync 84 at Sun May 17 17:52:07 UTC 2026
Cache sync 85 at Sun May 17 17:52:07 UTC 2026
Cache sync 1 at Mon May 18 18:27:10 UTC 2026
Cache sync 2 at Mon May 18 18:27:10 UTC 2026
Cache sync 3 at Mon May 18 18:27:10 UTC 2026
Cache sync 4 at Mon May 18 18:27:10 UTC 2026
Cache sync 5 at Mon May 18 18:27:10 UTC 2026
Cache sync 6 at Mon May 18 18:27:10 UTC 2026
Cache sync 7 at Mon May 18 18:27:10 UTC 2026
Cache sync 8 at Mon May 18 18:27:10 UTC 2026
Cache sync 9 at Mon May 18 18:27:10 UTC 2026
Cache sync 10 at Mon May 18 18:27:10 UTC 2026
Cache sync 11 at Mon May 18 18:27:10 UTC 2026
Cache sync 12 at Mon May 18 18:27:10 UTC 2026
Cache sync 13 at Mon May 18 18:27:10 UTC 2026
Cache sync 14 at Mon May 18 18:27:10 UTC 2026
Cache sync 15 at Mon May 18 18:27:10 UTC 2026
Cache sync 16 at Mon May 18 18:27:10 UTC 2026
Cache sync 17 at Mon May 18 18:27:10 UTC 2026
Cache sync 18 at Mon May 18 18:27:10 UTC 2026
Cache sync 19 at Mon May 18 18:27:10 UTC 2026
Cache sync 20 at Mon May 18 18:27:10 UTC 2026
Cache sync 21 at Mon May 18 18:27:10 UTC 2026
Cache sync 22 at Mon May 18 18:27:10 UTC 2026
Cache sync 23 at Mon May 18 18:27:10 UTC 2026
Cache sync 24 at Mon May 18 18:27:11 UTC 2026
Cache sync 25 at Mon May 18 18:27:11 UTC 2026
Cache sync 26 at Mon May 18 18:27:11 UTC 2026
Cache sync 27 at Mon May 18 18:27:11 UTC 2026
Cache sync 28 at Mon May 18 18:27:11 UTC 2026
Cache sync 29 at Mon May 18 18:27:11 UTC 2026
Cache sync 30 at Mon May 18 18:27:11 UTC 2026
Cache sync 31 at Mon May 18 18:27:11 UTC 2026
Cache sync 32 at Mon May 18 18:27:11 UTC 2026
Cache sync 33 at Mon May 18 18:27:11 UTC 2026
Cache sync 34 at Mon May 18 18:27:11 UTC 2026
Cache sync 35 at Mon May 18 18:27:11 UTC 2026
Cache sync 36 at Mon May 18 18:27:11 UTC 2026
Cache sync 37 at Mon May 18 18:27:11 UTC 2026
Cache sync 38 at Mon May 18 18:27:11 UTC 2026
Cache sync 39 at Mon May 18 18:27:11 UTC 2026
Cache sync 40 at Mon May 18 18:27:11 UTC 2026
Cache sync 41 at Mon May 18 18:27:11 UTC 2026
Cache sync 42 at Mon May 18 18:27:11 UTC 2026
Cache sync 43 at Mon May 18 18:27:11 UTC 2026
Cache sync 44 at Mon May 18 18:27:11 UTC 2026
Cache sync 45 at Mon May 18 18:27:11 UTC 2026
Cache sync 46 at Mon May 18 18:27:11 UTC 2026
Cache sync 47 at Mon May 18 18:27:11 UTC 2026
Cache sync 48 at Mon May 18 18:27:11 UTC 2026
Cache sync 49 at Mon May 18 18:27:11 UTC 2026
Cache sync 50 at Mon May 18 18:27:11 UTC 2026
Cache sync 51 at Mon May 18 18:27:11 UTC 2026
Cache sync 52 at Mon May 18 18:27:11 UTC 2026
Cache sync 53 at Mon May 18 18:27:11 UTC 2026
Cache sync 54 at Mon May 18 18:27:11 UTC 2026
Cache sync 55 at Mon May 18 18:27:11 UTC 2026
Cache sync 56 at Mon May 18 18:27:11 UTC 2026
Cache sync 57 at Mon May 18 18:27:11 UTC 2026
Cache sync 58 at Mon May 18 18:27:11 UTC 2026
Cache sync 59 at Mon May 18 18:27:11 UTC 2026
Cache sync 60 at Mon May 18 18:27:11 UTC 2026
Cache sync 61 at Mon May 18 18:27:11 UTC 2026
Cache sync 62 at Mon May 18 18:27:11 UTC 2026
Cache sync 63 at Mon May 18 18:27:11 UTC 2026
Cache sync 64 at Mon May 18 18:27:11 UTC 2026
Cache sync 65 at Mon May 18 18:27:11 UTC 2026
Cache sync 66 at Mon May 18 18:27:11 UTC 2026
Cache sync 67 at Mon May 18 18:27:11 UTC 2026
Cache sync 68 at Mon May 18 18:27:11 UTC 2026
Cache sync 69 at Mon May 18 18:27:11 UTC 2026
Cache sync 70 at Mon May 18 18:27:11 UTC 2026
Cache sync 71 at Mon May 18 18:27:11 UTC 2026
Cache sync 72 at Mon May 18 18:27:11 UTC 2026
Cache sync 73 at Mon May 18 18:27:11 UTC 2026
Cache sync 74 at Mon May 18 18:27:11 UTC 2026
Cache sync 75 at Mon May 18 18:27:11 UTC 2026
Cache sync 76 at Mon May 18 18:27:11 UTC 2026
Cache sync 1 at Tue May 19 18:55:02 UTC 2026
Cache sync 2 at Tue May 19 18:55:02 UTC 2026
Cache sync 3 at Tue May 19 18:55:02 UTC 2026
Cache sync 4 at Tue May 19 18:55:02 UTC 2026
Cache sync 5 at Tue May 19 18:55:02 UTC 2026
Cache sync 6 at Tue May 19 18:55:02 UTC 2026
Cache sync 7 at Tue May 19 18:55:02 UTC 2026
Cache sync 8 at Tue May 19 18:55:02 UTC 2026
Cache sync 9 at Tue May 19 18:55:02 UTC 2026
Cache sync 10 at Tue May 19 18:55:02 UTC 2026
Cache sync 11 at Tue May 19 18:55:02 UTC 2026
Cache sync 12 at Tue May 19 18:55:02 UTC 2026
Cache sync 13 at Tue May 19 18:55:02 UTC 2026
Cache sync 14 at Tue May 19 18:55:02 UTC 2026
Cache sync 15 at Tue May 19 18:55:02 UTC 2026
Cache sync 16 at Tue May 19 18:55:02 UTC 2026
Cache sync 17 at Tue May 19 18:55:02 UTC 2026
Cache sync 18 at Tue May 19 18:55:02 UTC 2026
Cache sync 19 at Tue May 19 18:55:02 UTC 2026
Cache sync 20 at Tue May 19 18:55:02 UTC 2026
Cache sync 21 at Tue May 19 18:55:02 UTC 2026
Cache sync 22 at Tue May 19 18:55:02 UTC 2026
Cache sync 23 at Tue May 19 18:55:02 UTC 2026
Cache sync 24 at Tue May 19 18:55:02 UTC 2026
Cache sync 25 at Tue May 19 18:55:02 UTC 2026
Cache sync 26 at Tue May 19 18:55:02 UTC 2026
Cache sync 27 at Tue May 19 18:55:02 UTC 2026
Cache sync 28 at Tue May 19 18:55:02 UTC 2026
Cache sync 29 at Tue May 19 18:55:02 UTC 2026
Cache sync 30 at Tue May 19 18:55:02 UTC 2026
Cache sync 31 at Tue May 19 18:55:02 UTC 2026
Cache sync 1 at Wed May 20 19:16:40 UTC 2026
Cache sync 2 at Wed May 20 19:16:40 UTC 2026
Cache sync 3 at Wed May 20 19:16:40 UTC 2026
Cache sync 4 at Wed May 20 19:16:40 UTC 2026
Cache sync 5 at Wed May 20 19:16:40 UTC 2026
Cache sync 6 at Wed May 20 19:16:40 UTC 2026
Cache sync 7 at Wed May 20 19:16:40 UTC 2026
Cache sync 8 at Wed May 20 19:16:40 UTC 2026
Cache sync 9 at Wed May 20 19:16:40 UTC 2026
Cache sync 10 at Wed May 20 19:16:40 UTC 2026
Cache sync 11 at Wed May 20 19:16:40 UTC 2026
Cache sync 12 at Wed May 20 19:16:40 UTC 2026
Cache sync 13 at Wed May 20 19:16:40 UTC 2026
Cache sync 14 at Wed May 20 19:16:40 UTC 2026
Cache sync 15 at Wed May 20 19:16:40 UTC 2026
Cache sync 16 at Wed May 20 19:16:40 UTC 2026
Cache sync 17 at Wed May 20 19:16:40 UTC 2026
Cache sync 18 at Wed May 20 19:16:40 UTC 2026
Cache sync 19 at Wed May 20 19:16:40 UTC 2026
Cache sync 20 at Wed May 20 19:16:40 UTC 2026
Cache sync 21 at Wed May 20 19:16:40 UTC 2026
Cache sync 22 at Wed May 20 19:16:40 UTC 2026
Cache sync 23 at Wed May 20 19:16:40 UTC 2026
Cache sync 24 at Wed May 20 19:16:40 UTC 2026
Cache sync 25 at Wed May 20 19:16:40 UTC 2026
Cache sync 26 at Wed May 20 19:16:40 UTC 2026
Cache sync 27 at Wed May 20 19:16:40 UTC 2026
Cache sync 1 at Thu May 21 18:55:28 UTC 2026
Cache sync 2 at Thu May 21 18:55:28 UTC 2026
Cache sync 3 at Thu May 21 18:55:28 UTC 2026
Cache sync 4 at Thu May 21 18:55:28 UTC 2026
Cache sync 5 at Thu May 21 18:55:28 UTC 2026
Cache sync 6 at Thu May 21 18:55:28 UTC 2026
Cache sync 7 at Thu May 21 18:55:28 UTC 2026
Cache sync 8 at Thu May 21 18:55:28 UTC 2026
Cache sync 9 at Thu May 21 18:55:28 UTC 2026
Cache sync 10 at Thu May 21 18:55:28 UTC 2026
Cache sync 11 at Thu May 21 18:55:28 UTC 2026
Cache sync 12 at Thu May 21 18:55:28 UTC 2026
Cache sync 13 at Thu May 21 18:55:28 UTC 2026
Cache sync 14 at Thu May 21 18:55:28 UTC 2026
Cache sync 15 at Thu May 21 18:55:28 UTC 2026
Cache sync 16 at Thu May 21 18:55:28 UTC 2026
Cache sync 17 at Thu May 21 18:55:28 UTC 2026
Cache sync 18 at Thu May 21 18:55:28 UTC 2026
Cache sync 19 at Thu May 21 18:55:28 UTC 2026
Cache sync 20 at Thu May 21 18:55:28 UTC 2026
Cache sync 21 at Thu May 21 18:55:28 UTC 2026
Cache sync 22 at Thu May 21 18:55:28 UTC 2026
Cache sync 23 at Thu May 21 18:55:28 UTC 2026
Cache sync 24 at Thu May 21 18:55:28 UTC 2026
Cache sync 25 at Thu May 21 18:55:28 UTC 2026
Cache sync 26 at Thu May 21 18:55:28 UTC 2026
Cache sync 27 at Thu May 21 18:55:29 UTC 2026
Cache sync 28 at Thu May 21 18:55:29 UTC 2026
Cache sync 29 at Thu May 21 18:55:29 UTC 2026
Cache sync 30 at Thu May 21 18:55:29 UTC 2026
Cache sync 31 at Thu May 21 18:55:29 UTC 2026
Cache sync 32 at Thu May 21 18:55:29 UTC 2026
Cache sync 33 at Thu May 21 18:55:29 UTC 2026
Cache sync 34 at Thu May 21 18:55:29 UTC 2026
Cache sync 35 at Thu May 21 18:55:29 UTC 2026
Cache sync 36 at Thu May 21 18:55:29 UTC 2026
Cache sync 37 at Thu May 21 18:55:29 UTC 2026
Cache sync 38 at Thu May 21 18:55:29 UTC 2026
Cache sync 39 at Thu May 21 18:55:29 UTC 2026
Cache sync 40 at Thu May 21 18:55:29 UTC 2026
Cache sync 41 at Thu May 21 18:55:29 UTC 2026
Cache sync 42 at Thu May 21 18:55:29 UTC 2026
Cache sync 43 at Thu May 21 18:55:29 UTC 2026
Cache sync 44 at Thu May 21 18:55:29 UTC 2026
Cache sync 45 at Thu May 21 18:55:29 UTC 2026
Cache sync 46 at Thu May 21 18:55:29 UTC 2026
Cache sync 47 at Thu May 21 18:55:29 UTC 2026
Cache sync 48 at Thu May 21 18:55:29 UTC 2026
Cache sync 49 at Thu May 21 18:55:29 UTC 2026
Cache sync 50 at Thu May 21 18:55:29 UTC 2026
Cache sync 51 at Thu May 21 18:55:29 UTC 2026
Cache sync 52 at Thu May 21 18:55:29 UTC 2026
Cache sync 53 at Thu May 21 18:55:29 UTC 2026
Cache sync 54 at Thu May 21 18:55:29 UTC 2026
Cache sync 55 at Thu May 21 18:55:29 UTC 2026
Cache sync 56 at Thu May 21 18:55:29 UTC 2026
Cache sync 57 at Thu May 21 18:55:29 UTC 2026
Cache sync 58 at Thu May 21 18:55:29 UTC 2026
Cache sync 59 at Thu May 21 18:55:29 UTC 2026
Cache sync 60 at Thu May 21 18:55:29 UTC 2026
Cache sync 61 at Thu May 21 18:55:29 UTC 2026
Cache sync 62 at Thu May 21 18:55:29 UTC 2026
Cache sync 63 at Thu May 21 18:55:29 UTC 2026
Cache sync 1 at Fri May 22 18:49:28 UTC 2026
Cache sync 2 at Fri May 22 18:49:28 UTC 2026
Cache sync 3 at Fri May 22 18:49:28 UTC 2026
Cache sync 4 at Fri May 22 18:49:28 UTC 2026
Cache sync 5 at Fri May 22 18:49:28 UTC 2026
Cache sync 6 at Fri May 22 18:49:28 UTC 2026
Cache sync 7 at Fri May 22 18:49:28 UTC 2026
Cache sync 8 at Fri May 22 18:49:28 UTC 2026
Cache sync 9 at Fri May 22 18:49:28 UTC 2026
Cache sync 10 at Fri May 22 18:49:28 UTC 2026
Cache sync 11 at Fri May 22 18:49:28 UTC 2026
Cache sync 12 at Fri May 22 18:49:28 UTC 2026
Cache sync 13 at Fri May 22 18:49:28 UTC 2026
Cache sync 14 at Fri May 22 18:49:28 UTC 2026
Cache sync 15 at Fri May 22 18:49:28 UTC 2026
Cache sync 16 at Fri May 22 18:49:28 UTC 2026
Cache sync 17 at Fri May 22 18:49:28 UTC 2026
Cache sync 18 at Fri May 22 18:49:28 UTC 2026
Cache sync 19 at Fri May 22 18:49:28 UTC 2026
Cache sync 20 at Fri May 22 18:49:28 UTC 2026
Cache sync 21 at Fri May 22 18:49:28 UTC 2026
Cache sync 22 at Fri May 22 18:49:28 UTC 2026
Cache sync 23 at Fri May 22 18:49:28 UTC 2026
Cache sync 24 at Fri May 22 18:49:28 UTC 2026
Cache sync 25 at Fri May 22 18:49:28 UTC 2026
Cache sync 26 at Fri May 22 18:49:28 UTC 2026
Cache sync 27 at Fri May 22 18:49:28 UTC 2026
Cache sync 28 at Fri May 22 18:49:28 UTC 2026
Cache sync 29 at Fri May 22 18:49:28 UTC 2026
Cache sync 30 at Fri May 22 18:49:28 UTC 2026
Cache sync 31 at Fri May 22 18:49:28 UTC 2026
Cache sync 32 at Fri May 22 18:49:28 UTC 2026
Cache sync 33 at Fri May 22 18:49:28 UTC 2026
Cache sync 34 at Fri May 22 18:49:28 UTC 2026
Cache sync 35 at Fri May 22 18:49:28 UTC 2026
Cache sync 36 at Fri May 22 18:49:28 UTC 2026
Cache sync 37 at Fri May 22 18:49:28 UTC 2026
Cache sync 38 at Fri May 22 18:49:28 UTC 2026
Cache sync 39 at Fri May 22 18:49:28 UTC 2026
Cache sync 40 at Fri May 22 18:49:28 UTC 2026
Cache sync 41 at Fri May 22 18:49:28 UTC 2026
Cache sync 42 at Fri May 22 18:49:28 UTC 2026
Cache sync 43 at Fri May 22 18:49:28 UTC 2026
Cache sync 1 at Sat May 23 17:56:13 UTC 2026
Cache sync 2 at Sat May 23 17:56:13 UTC 2026
Cache sync 3 at Sat May 23 17:56:13 UTC 2026
Cache sync 4 at Sat May 23 17:56:13 UTC 2026
Cache sync 5 at Sat May 23 17:56:13 UTC 2026
Cache sync 6 at Sat May 23 17:56:13 UTC 2026
Cache sync 7 at Sat May 23 17:56:13 UTC 2026
Cache sync 8 at Sat May 23 17:56:13 UTC 2026
Cache sync 9 at Sat May 23 17:56:13 UTC 2026
Cache sync 10 at Sat May 23 17:56:13 UTC 2026
Cache sync 11 at Sat May 23 17:56:13 UTC 2026
Cache sync 12 at Sat May 23 17:56:13 UTC 2026
Cache sync 13 at Sat May 23 17:56:13 UTC 2026
Cache sync 14 at Sat May 23 17:56:13 UTC 2026
Cache sync 15 at Sat May 23 17:56:13 UTC 2026
Cache sync 16 at Sat May 23 17:56:13 UTC 2026
Cache sync 17 at Sat May 23 17:56:13 UTC 2026
Cache sync 18 at Sat May 23 17:56:14 UTC 2026
Cache sync 19 at Sat May 23 17:56:14 UTC 2026
Cache sync 20 at Sat May 23 17:56:14 UTC 2026
Cache sync 21 at Sat May 23 17:56:14 UTC 2026
Cache sync 22 at Sat May 23 17:56:14 UTC 2026
Cache sync 23 at Sat May 23 17:56:14 UTC 2026
Cache sync 24 at Sat May 23 17:56:14 UTC 2026
Cache sync 25 at Sat May 23 17:56:14 UTC 2026
Cache sync 26 at Sat May 23 17:56:14 UTC 2026
Cache sync 27 at Sat May 23 17:56:14 UTC 2026
Cache sync 28 at Sat May 23 17:56:14 UTC 2026
Cache sync 29 at Sat May 23 17:56:14 UTC 2026
Cache sync 30 at Sat May 23 17:56:14 UTC 2026
Cache sync 31 at Sat May 23 17:56:14 UTC 2026
Cache sync 32 at Sat May 23 17:56:14 UTC 2026
Cache sync 33 at Sat May 23 17:56:14 UTC 2026
Cache sync 34 at Sat May 23 17:56:14 UTC 2026
Cache sync 35 at Sat May 23 17:56:14 UTC 2026
Cache sync 36 at Sat May 23 17:56:14 UTC 2026
Cache sync 37 at Sat May 23 17:56:14 UTC 2026
Cache sync 38 at Sat May 23 17:56:14 UTC 2026
Cache sync 39 at Sat May 23 17:56:14 UTC 2026
Cache sync 40 at Sat May 23 17:56:14 UTC 2026
Cache sync 41 at Sat May 23 17:56:14 UTC 2026
Cache sync 42 at Sat May 23 17:56:14 UTC 2026
Cache sync 43 at Sat May 23 17:56:14 UTC 2026
Cache sync 44 at Sat May 23 17:56:14 UTC 2026
Cache sync 45 at Sat May 23 17:56:14 UTC 2026
Cache sync 46 at Sat May 23 17:56:14 UTC 2026
Cache sync 47 at Sat May 23 17:56:14 UTC 2026
Cache sync 48 at Sat May 23 17:56:14 UTC 2026
Cache sync 49 at Sat May 23 17:56:14 UTC 2026
Cache sync 50 at Sat May 23 17:56:14 UTC 2026
Cache sync 51 at Sat May 23 17:56:14 UTC 2026
Cache sync 52 at Sat May 23 17:56:14 UTC 2026
Cache sync 53 at Sat May 23 17:56:14 UTC 2026
Cache sync 54 at Sat May 23 17:56:14 UTC 2026
Cache sync 55 at Sat May 23 17:56:14 UTC 2026
Cache sync 56 at Sat May 23 17:56:14 UTC 2026
Cache sync 57 at Sat May 23 17:56:14 UTC 2026
Cache sync 58 at Sat May 23 17:56:14 UTC 2026
Cache sync 59 at Sat May 23 17:56:14 UTC 2026
Cache sync 60 at Sat May 23 17:56:14 UTC 2026
Cache sync 61 at Sat May 23 17:56:14 UTC 2026
Cache sync 62 at Sat May 23 17:56:14 UTC 2026
Cache sync 63 at Sat May 23 17:56:14 UTC 2026
Cache sync 64 at Sat May 23 17:56:14 UTC 2026
Cache sync 65 at Sat May 23 17:56:14 UTC 2026
Cache sync 66 at Sat May 23 17:56:14 UTC 2026
Cache sync 67 at Sat May 23 17:56:14 UTC 2026
Cache sync 68 at Sat May 23 17:56:14 UTC 2026
Cache sync 69 at Sat May 23 17:56:14 UTC 2026
Cache sync 70 at Sat May 23 17:56:14 UTC 2026
Cache sync 71 at Sat May 23 17:56:14 UTC 2026
Cache sync 1 at Sun May 24 17:54:13 UTC 2026
Cache sync 2 at Sun May 24 17:54:13 UTC 2026
Cache sync 3 at Sun May 24 17:54:13 UTC 2026
Cache sync 4 at Sun May 24 17:54:13 UTC 2026
Cache sync 5 at Sun May 24 17:54:13 UTC 2026
Cache sync 6 at Sun May 24 17:54:13 UTC 2026
Cache sync 7 at Sun May 24 17:54:13 UTC 2026
Cache sync 8 at Sun May 24 17:54:13 UTC 2026
Cache sync 9 at Sun May 24 17:54:13 UTC 2026
Cache sync 10 at Sun May 24 17:54:13 UTC 2026
Cache sync 11 at Sun May 24 17:54:13 UTC 2026
Cache sync 12 at Sun May 24 17:54:13 UTC 2026
Cache sync 13 at Sun May 24 17:54:13 UTC 2026
Cache sync 14 at Sun May 24 17:54:13 UTC 2026
Cache sync 15 at Sun May 24 17:54:13 UTC 2026
Cache sync 16 at Sun May 24 17:54:13 UTC 2026
Cache sync 17 at Sun May 24 17:54:13 UTC 2026
Cache sync 18 at Sun May 24 17:54:13 UTC 2026
Cache sync 19 at Sun May 24 17:54:13 UTC 2026
Cache sync 20 at Sun May 24 17:54:13 UTC 2026
Cache sync 21 at Sun May 24 17:54:13 UTC 2026
Cache sync 22 at Sun May 24 17:54:13 UTC 2026
Cache sync 23 at Sun May 24 17:54:13 UTC 2026
Cache sync 24 at Sun May 24 17:54:13 UTC 2026
Cache sync 25 at Sun May 24 17:54:14 UTC 2026
Cache sync 26 at Sun May 24 17:54:14 UTC 2026
Cache sync 27 at Sun May 24 17:54:14 UTC 2026
Cache sync 28 at Sun May 24 17:54:14 UTC 2026
Cache sync 29 at Sun May 24 17:54:14 UTC 2026
Cache sync 30 at Sun May 24 17:54:14 UTC 2026
Cache sync 31 at Sun May 24 17:54:14 UTC 2026
Cache sync 32 at Sun May 24 17:54:14 UTC 2026
Cache sync 33 at Sun May 24 17:54:14 UTC 2026
Cache sync 34 at Sun May 24 17:54:14 UTC 2026
Cache sync 35 at Sun May 24 17:54:14 UTC 2026
Cache sync 36 at Sun May 24 17:54:14 UTC 2026
Cache sync 37 at Sun May 24 17:54:14 UTC 2026
Cache sync 38 at Sun May 24 17:54:14 UTC 2026
Cache sync 39 at Sun May 24 17:54:14 UTC 2026
Cache sync 40 at Sun May 24 17:54:14 UTC 2026
Cache sync 41 at Sun May 24 17:54:14 UTC 2026
Cache sync 42 at Sun May 24 17:54:14 UTC 2026
Cache sync 43 at Sun May 24 17:54:14 UTC 2026
Cache sync 44 at Sun May 24 17:54:14 UTC 2026
Cache sync 45 at Sun May 24 17:54:14 UTC 2026
Cache sync 46 at Sun May 24 17:54:14 UTC 2026
Cache sync 47 at Sun May 24 17:54:14 UTC 2026
Cache sync 48 at Sun May 24 17:54:14 UTC 2026
Cache sync 49 at Sun May 24 17:54:14 UTC 2026
Cache sync 50 at Sun May 24 17:54:14 UTC 2026
Cache sync 51 at Sun May 24 17:54:14 UTC 2026
Cache sync 52 at Sun May 24 17:54:14 UTC 2026
Cache sync 53 at Sun May 24 17:54:14 UTC 2026
Cache sync 54 at Sun May 24 17:54:14 UTC 2026
Cache sync 55 at Sun May 24 17:54:14 UTC 2026
Cache sync 56 at Sun May 24 17:54:14 UTC 2026
Cache sync 57 at Sun May 24 17:54:14 UTC 2026
Cache sync 58 at Sun May 24 17:54:14 UTC 2026
Cache sync 59 at Sun May 24 17:54:14 UTC 2026
Cache sync 60 at Sun May 24 17:54:14 UTC 2026
Cache sync 61 at Sun May 24 17:54:14 UTC 2026
Cache sync 62 at Sun May 24 17:54:14 UTC 2026
Cache sync 63 at Sun May 24 17:54:14 UTC 2026
Cache sync 64 at Sun May 24 17:54:14 UTC 2026
Cache sync 65 at Sun May 24 17:54:14 UTC 2026
Cache sync 66 at Sun May 24 17:54:14 UTC 2026
Cache sync 67 at Sun May 24 17:54:14 UTC 2026
Cache sync 1 at Tue May 26 19:13:01 UTC 2026
Cache sync 2 at Tue May 26 19:13:01 UTC 2026
Cache sync 3 at Tue May 26 19:13:01 UTC 2026
Cache sync 4 at Tue May 26 19:13:01 UTC 2026
Cache sync 5 at Tue May 26 19:13:01 UTC 2026
Cache sync 6 at Tue May 26 19:13:01 UTC 2026
Cache sync 7 at Tue May 26 19:13:01 UTC 2026
Cache sync 8 at Tue May 26 19:13:01 UTC 2026
Cache sync 9 at Tue May 26 19:13:01 UTC 2026
Cache sync 10 at Tue May 26 19:13:01 UTC 2026
Cache sync 11 at Tue May 26 19:13:01 UTC 2026
Cache sync 12 at Tue May 26 19:13:01 UTC 2026
Cache sync 13 at Tue May 26 19:13:01 UTC 2026
Cache sync 1 at Wed May 27 19:14:28 UTC 2026
Cache sync 2 at Wed May 27 19:14:28 UTC 2026
Cache sync 3 at Wed May 27 19:14:28 UTC 2026
Cache sync 4 at Wed May 27 19:14:28 UTC 2026
Cache sync 5 at Wed May 27 19:14:28 UTC 2026
Cache sync 6 at Wed May 27 19:14:28 UTC 2026
Cache sync 7 at Wed May 27 19:14:28 UTC 2026
Cache sync 8 at Wed May 27 19:14:28 UTC 2026
Cache sync 9 at Wed May 27 19:14:28 UTC 2026
Cache sync 10 at Wed May 27 19:14:28 UTC 2026
Cache sync 11 at Wed May 27 19:14:28 UTC 2026
Cache sync 12 at Wed May 27 19:14:28 UTC 2026
Cache sync 13 at Wed May 27 19:14:28 UTC 2026
Cache sync 14 at Wed May 27 19:14:28 UTC 2026
Cache sync 15 at Wed May 27 19:14:28 UTC 2026
Cache sync 16 at Wed May 27 19:14:28 UTC 2026
Cache sync 17 at Wed May 27 19:14:28 UTC 2026
Cache sync 18 at Wed May 27 19:14:28 UTC 2026
Cache sync 19 at Wed May 27 19:14:28 UTC 2026
Cache sync 20 at Wed May 27 19:14:28 UTC 2026
Cache sync 21 at Wed May 27 19:14:28 UTC 2026
Cache sync 22 at Wed May 27 19:14:28 UTC 2026
Cache sync 23 at Wed May 27 19:14:28 UTC 2026
Cache sync 24 at Wed May 27 19:14:28 UTC 2026
Cache sync 25 at Wed May 27 19:14:28 UTC 2026
Cache sync 26 at Wed May 27 19:14:28 UTC 2026
Cache sync 27 at Wed May 27 19:14:28 UTC 2026
Cache sync 28 at Wed May 27 19:14:28 UTC 2026
Cache sync 29 at Wed May 27 19:14:28 UTC 2026
Cache sync 30 at Wed May 27 19:14:28 UTC 2026
Cache sync 31 at Wed May 27 19:14:28 UTC 2026
Cache sync 32 at Wed May 27 19:14:28 UTC 2026
Cache sync 33 at Wed May 27 19:14:28 UTC 2026
Cache sync 34 at Wed May 27 19:14:28 UTC 2026
Cache sync 35 at Wed May 27 19:14:28 UTC 2026
Cache sync 36 at Wed May 27 19:14:28 UTC 2026
Cache sync 37 at Wed May 27 19:14:28 UTC 2026
Cache sync 38 at Wed May 27 19:14:28 UTC 2026
Cache sync 39 at Wed May 27 19:14:28 UTC 2026
Cache sync 40 at Wed May 27 19:14:28 UTC 2026
Cache sync 41 at Wed May 27 19:14:28 UTC 2026
Cache sync 42 at Wed May 27 19:14:28 UTC 2026
Cache sync 43 at Wed May 27 19:14:28 UTC 2026
Cache sync 44 at Wed May 27 19:14:28 UTC 2026
Cache sync 45 at Wed May 27 19:14:28 UTC 2026
Cache sync 46 at Wed May 27 19:14:28 UTC 2026
Cache sync 47 at Wed May 27 19:14:28 UTC 2026
Cache sync 48 at Wed May 27 19:14:28 UTC 2026
Cache sync 49 at Wed May 27 19:14:28 UTC 2026
Cache sync 50 at Wed May 27 19:14:28 UTC 2026
Cache sync 51 at Wed May 27 19:14:28 UTC 2026
Cache sync 52 at Wed May 27 19:14:28 UTC 2026
Cache sync 53 at Wed May 27 19:14:28 UTC 2026
Cache sync 54 at Wed May 27 19:14:28 UTC 2026
Cache sync 55 at Wed May 27 19:14:28 UTC 2026
Cache sync 56 at Wed May 27 19:14:28 UTC 2026
Cache sync 57 at Wed May 27 19:14:28 UTC 2026
Cache sync 58 at Wed May 27 19:14:28 UTC 2026
Cache sync 59 at Wed May 27 19:14:28 UTC 2026
Cache sync 60 at Wed May 27 19:14:28 UTC 2026
Cache sync 61 at Wed May 27 19:14:28 UTC 2026
Cache sync 62 at Wed May 27 19:14:28 UTC 2026
Cache sync 63 at Wed May 27 19:14:28 UTC 2026
Cache sync 64 at Wed May 27 19:14:28 UTC 2026
Cache sync 65 at Wed May 27 19:14:28 UTC 2026
Cache sync 66 at Wed May 27 19:14:28 UTC 2026
Cache sync 67 at Wed May 27 19:14:28 UTC 2026
Cache sync 68 at Wed May 27 19:14:28 UTC 2026
Cache sync 69 at Wed May 27 19:14:29 UTC 2026
Cache sync 70 at Wed May 27 19:14:29 UTC 2026
Cache sync 71 at Wed May 27 19:14:29 UTC 2026
Cache sync 72 at Wed May 27 19:14:29 UTC 2026
Cache sync 73 at Wed May 27 19:14:29 UTC 2026
Cache sync 74 at Wed May 27 19:14:29 UTC 2026
Cache sync 75 at Wed May 27 19:14:29 UTC 2026
Cache sync 76 at Wed May 27 19:14:29 UTC 2026
Cache sync 77 at Wed May 27 19:14:29 UTC 2026
Cache sync 78 at Wed May 27 19:14:29 UTC 2026
Cache sync 79 at Wed May 27 19:14:29 UTC 2026
Cache sync 80 at Wed May 27 19:14:29 UTC 2026
Cache sync 1 at Thu May 28 19:33:11 UTC 2026
Cache sync 2 at Thu May 28 19:33:11 UTC 2026
Cache sync 3 at Thu May 28 19:33:11 UTC 2026
Cache sync 4 at Thu May 28 19:33:11 UTC 2026
Cache sync 5 at Thu May 28 19:33:11 UTC 2026
Cache sync 6 at Thu May 28 19:33:11 UTC 2026
Cache sync 7 at Thu May 28 19:33:11 UTC 2026
Cache sync 8 at Thu May 28 19:33:11 UTC 2026
Cache sync 9 at Thu May 28 19:33:11 UTC 2026
Cache sync 10 at Thu May 28 19:33:11 UTC 2026
Cache sync 11 at Thu May 28 19:33:11 UTC 2026
Cache sync 12 at Thu May 28 19:33:11 UTC 2026
Cache sync 13 at Thu May 28 19:33:11 UTC 2026
Cache sync 14 at Thu May 28 19:33:11 UTC 2026
Cache sync 15 at Thu May 28 19:33:11 UTC 2026
Cache sync 16 at Thu May 28 19:33:11 UTC 2026
Cache sync 17 at Thu May 28 19:33:11 UTC 2026
Cache sync 18 at Thu May 28 19:33:11 UTC 2026
Cache sync 1 at Sat May 30 17:58:52 UTC 2026
Cache sync 2 at Sat May 30 17:58:52 UTC 2026
Cache sync 3 at Sat May 30 17:58:52 UTC 2026
Cache sync 4 at Sat May 30 17:58:52 UTC 2026
Cache sync 5 at Sat May 30 17:58:52 UTC 2026
Cache sync 6 at Sat May 30 17:58:52 UTC 2026
Cache sync 7 at Sat May 30 17:58:52 UTC 2026
Cache sync 8 at Sat May 30 17:58:52 UTC 2026
Cache sync 9 at Sat May 30 17:58:52 UTC 2026
Cache sync 10 at Sat May 30 17:58:52 UTC 2026
Cache sync 11 at Sat May 30 17:58:52 UTC 2026
Cache sync 12 at Sat May 30 17:58:52 UTC 2026
Cache sync 13 at Sat May 30 17:58:52 UTC 2026
Cache sync 14 at Sat May 30 17:58:52 UTC 2026
Cache sync 15 at Sat May 30 17:58:52 UTC 2026
Cache sync 16 at Sat May 30 17:58:52 UTC 2026
Cache sync 17 at Sat May 30 17:58:52 UTC 2026
Cache sync 18 at Sat May 30 17:58:52 UTC 2026
Cache sync 19 at Sat May 30 17:58:52 UTC 2026
Cache sync 20 at Sat May 30 17:58:52 UTC 2026
